======================================================================
抽水储能与电池储能协同调度 - 版本4.9.2 (修复版)
======================================================================

重大改进:
  1. 修复NaN损失问题
  2. 降低学习率: 3e-5 -> 1e-5
  3. 禁用动态奖励归一化
  4. 添加更严格的NaN检查
  5. 增强可视化 - 包含Actor/Critic损失
======================================================================

======================================================================
训练PPO智能体 - 版本4.9.2 (修复版)
======================================================================

======================================================================
创建配电网环境 - 版本4.9.2 (修复版)
======================================================================

环境创建成功!
  - 节点数: 34
  - 状态维度: 49
  - 动作维度: 3
  - 时间步长: 0.25 小时 (15分钟)
  - 回合长度: 672 步 (7天)

储能配置:
  - PSH: 节点34
    * 额定发电功率: 3.3 MW
    * 额定抽水功率: 3.3 MW
    * 上水库容量: 20.0 MWh
    * 下水库容量: 20.0 MWh
  - BESS1: 节点16, 1.3MW/2.6MWh
  - BESS2: 节点27, 1.3MW/2.6MWh

PPO智能体配置:
  - 学习率: 1e-5
  - 折扣因子: 0.99
  - GAE lambda: 0.95
  - Clip epsilon: 0.1
  - 价值系数: 0.5
  - 熵系数: 0.01
  - 隐藏层: [256, 256]
  - 奖励缩放: 固定0.01

开始训练...
======================================================================
PPO训练开始 - 版本4.9.2 (修复版)
训练设置: 200轮, 每轮672步
PSH约束违反目标: <7次/轮
======================================================================

======================================================================
训练轮次 1/200
======================================================================
平均奖励: 9.6595
电压越限次数: 19
PSH约束违反: 0
PSH动作: 保持=169, 发电=169, 抽水=180, 停止=154
PSH上水库SOC: 0.030 (范围: 0.000-0.500)
电压范围: [0.9468, 1.0466]
Actor损失: -0.002048
Critic损失: 2.577856
>>> PSH约束违反达标! (0 < 7)

======================================================================
训练轮次 2/200
======================================================================
平均奖励: 9.6213
电压越限次数: 27
PSH约束违反: 0
PSH动作: 保持=167, 发电=185, 抽水=160, 停止=160
PSH上水库SOC: 0.628 (范围: 0.046-0.661)
电压范围: [0.9459, 1.0466]
Actor损失: 0.005249
Critic损失: 2.565324
>>> PSH约束违反达标! (0 < 7)

======================================================================
训练轮次 3/200
======================================================================
平均奖励: 7.1952
电压越限次数: 28
PSH约束违反: 0
PSH动作: 保持=177, 发电=164, 抽水=170, 停止=161
PSH上水库SOC: 0.383 (范围: 0.272-0.635)
电压范围: [0.9460, 1.0466]
Actor损失: -0.003861
Critic损失: 1.427525
>>> PSH约束违反达标! (0 < 7)

======================================================================
训练轮次 4/200
======================================================================
平均奖励: 7.3554
电压越限次数: 25
PSH约束违反: 0
PSH动作: 保持=173, 发电=172, 抽水=171, 停止=156
PSH上水库SOC: 0.265 (范围: 0.070-0.675)
电压范围: [0.9468, 1.0466]
Actor损失: -0.001247
Critic损失: 1.475679
>>> PSH约束违反达标! (0 < 7)

======================================================================
训练轮次 5/200
======================================================================
平均奖励: 7.4273
电压越限次数: 22
PSH约束违反: 0
PSH动作: 保持=165, 发电=151, 抽水=176, 停止=180
PSH上水库SOC: 0.553 (范围: 0.337-0.702)
电压范围: [0.9457, 1.0466]
Actor损失: 0.001027
Critic损失: 1.484921
>>> PSH约束违反达标! (0 < 7)

======================================================================
训练轮次 6/200
======================================================================
平均奖励: 9.3913
电压越限次数: 38
PSH约束违反: 0
PSH动作: 保持=161, 发电=190, 抽水=156, 停止=165
PSH上水库SOC: 0.522 (范围: 0.321-0.735)
电压范围: [0.9462, 1.0466]
Actor损失: 0.004243
Critic损失: 2.461197
>>> PSH约束违反达标! (0 < 7)

======================================================================
训练轮次 7/200
======================================================================
平均奖励: 7.4000
电压越限次数: 26
PSH约束违反: 0
PSH动作: 保持=169, 发电=179, 抽水=165, 停止=159
PSH上水库SOC: 0.401 (范围: 0.000-0.661)
电压范围: [0.9465, 1.0465]
Actor损失: 0.004348
Critic损失: 1.473361
>>> PSH约束违反达标! (0 < 7)

======================================================================
训练轮次 8/200
======================================================================
平均奖励: 8.0030
电压越限次数: 25
PSH约束违反: 0
PSH动作: 保持=156, 发电=167, 抽水=173, 停止=176
PSH上水库SOC: 0.166 (范围: 0.099-0.500)
电压范围: [0.9459, 1.0464]
Actor损失: -0.001995
Critic损失: 1.728583
>>> PSH约束违反达标! (0 < 7)

======================================================================
训练轮次 9/200
======================================================================
平均奖励: 7.3256
电压越限次数: 49
PSH约束违反: 0
PSH动作: 保持=173, 发电=173, 抽水=160, 停止=166
PSH上水库SOC: 0.254 (范围: 0.000-0.461)
电压范围: [0.9463, 1.0467]
Actor损失: -0.001539
Critic损失: 1.393615
>>> PSH约束违反达标! (0 < 7)

======================================================================
训练轮次 10/200
======================================================================
平均奖励: 7.4710
电压越限次数: 22
PSH约束违反: 0
PSH动作: 保持=164, 发电=173, 抽水=183, 停止=152
PSH上水库SOC: 0.357 (范围: 0.191-0.863)
电压范围: [0.9466, 1.0466]
Actor损失: -0.005784
Critic损失: 1.459898
>>> PSH约束违反达标! (0 < 7)

>>> 第 10 轮评估平均奖励: 9.9936
>>> 保存最佳模型

======================================================================
训练轮次 11/200
======================================================================
平均奖励: 7.4345
电压越限次数: 21
PSH约束违反: 0
PSH动作: 保持=166, 发电=164, 抽水=179, 停止=163
PSH上水库SOC: 0.374 (范围: 0.196-0.823)
电压范围: [0.9465, 1.0466]
Actor损失: -0.000152
Critic损失: 1.434847
>>> PSH约束违反达标! (0 < 7)

======================================================================
训练轮次 12/200
======================================================================
平均奖励: 9.6699
电压越限次数: 25
PSH约束违反: 0
PSH动作: 保持=140, 发电=181, 抽水=169, 停止=182
PSH上水库SOC: 0.126 (范围: 0.083-0.688)
电压范围: [0.9466, 1.0466]
Actor损失: 0.005796
Critic损失: 2.422718
>>> PSH约束违反达标! (0 < 7)

======================================================================
训练轮次 13/200
======================================================================
平均奖励: 9.4287
电压越限次数: 35
PSH约束违反: 0
PSH动作: 保持=156, 发电=159, 抽水=190, 停止=167
PSH上水库SOC: 0.040 (范围: 0.000-0.495)
电压范围: [0.9459, 1.0464]
Actor损失: 0.008225
Critic损失: 2.309755
>>> PSH约束违反达标! (0 < 7)

======================================================================
训练轮次 14/200
======================================================================
平均奖励: 7.7986
电压越限次数: 50
PSH约束违反: 0
PSH动作: 保持=151, 发电=191, 抽水=161, 停止=169
PSH上水库SOC: 0.266 (范围: 0.000-0.661)
电压范围: [0.9455, 1.0466]
Actor损失: -0.003981
Critic损失: 1.517297
>>> PSH约束违反达标! (0 < 7)

======================================================================
训练轮次 15/200
======================================================================
平均奖励: 7.3766
电压越限次数: 29
PSH约束违反: 0
PSH动作: 保持=168, 发电=166, 抽水=170, 停止=168
PSH上水库SOC: 0.375 (范围: 0.139-0.661)
电压范围: [0.9464, 1.0465]
Actor损失: 0.000543
Critic损失: 1.327578
>>> PSH约束违反达标! (0 < 7)

======================================================================
训练轮次 16/200
======================================================================
平均奖励: 7.3789
电压越限次数: 47
PSH约束违反: 0
PSH动作: 保持=166, 发电=174, 抽水=174, 停止=158
PSH上水库SOC: 0.258 (范围: 0.088-0.572)
电压范围: [0.9456, 1.0466]
Actor损失: 0.002563
Critic损失: 1.301700
>>> PSH约束违反达标! (0 < 7)

======================================================================
训练轮次 17/200
======================================================================
平均奖励: 9.5928
电压越限次数: 30
PSH约束违反: 0
PSH动作: 保持=150, 发电=183, 抽水=170, 停止=169
PSH上水库SOC: 0.694 (范围: 0.346-0.762)
电压范围: [0.9464, 1.0464]
Actor损失: 0.002352
Critic损失: 2.293698
>>> PSH约束违反达标! (0 < 7)

======================================================================
训练轮次 18/200
======================================================================
平均奖励: 7.7061
电压越限次数: 24
PSH约束违反: 0
PSH动作: 保持=143, 发电=162, 抽水=186, 停止=181
PSH上水库SOC: 0.446 (范围: 0.426-0.863)
电压范围: [0.9466, 1.0466]
Actor损失: -0.002390
Critic损失: 1.405776
>>> PSH约束违反达标! (0 < 7)

======================================================================
训练轮次 19/200
======================================================================
平均奖励: 7.6890
电压越限次数: 20
PSH约束违反: 0
PSH动作: 保持=147, 发电=171, 抽水=188, 停止=166
PSH上水库SOC: 0.323 (范围: 0.188-0.591)
电压范围: [0.9458, 1.0461]
Actor损失: -0.000887
Critic损失: 1.357745
>>> PSH约束违反达标! (0 < 7)

======================================================================
训练轮次 20/200
======================================================================
平均奖励: 7.5576
电压越限次数: 42
PSH约束违反: 0
PSH动作: 保持=161, 发电=184, 抽水=169, 停止=158
PSH上水库SOC: 0.389 (范围: 0.169-0.661)
电压范围: [0.9463, 1.0466]
Actor损失: -0.004943
Critic损失: 1.309787
>>> PSH约束违反达标! (0 < 7)

>>> 第 20 轮评估平均奖励: 9.9930
>>> 未改进 (1/30)

======================================================================
训练轮次 21/200
======================================================================
平均奖励: 8.8849
电压越限次数: 17
PSH约束违反: 0
PSH动作: 保持=137, 发电=193, 抽水=165, 停止=177
PSH上水库SOC: 0.712 (范围: 0.453-0.816)
电压范围: [0.9461, 1.0460]
Actor损失: 0.001225
Critic损失: 1.781884
>>> PSH约束违反达标! (0 < 7)

======================================================================
训练轮次 22/200
======================================================================
平均奖励: 7.6481
电压越限次数: 26
PSH约束违反: 0
PSH动作: 保持=152, 发电=170, 抽水=202, 停止=148
PSH上水库SOC: 0.446 (范围: 0.245-0.799)
电压范围: [0.9463, 1.0466]
Actor损失: 0.003670
Critic损失: 1.266812
>>> PSH约束违反达标! (0 < 7)

======================================================================
训练轮次 23/200
======================================================================
平均奖励: 9.4519
电压越限次数: 38
PSH约束违反: 0
PSH动作: 保持=139, 发电=191, 抽水=174, 停止=168
PSH上水库SOC: 0.140 (范围: 0.072-0.661)
电压范围: [0.9466, 1.0469]
Actor损失: 0.002691
Critic损失: 2.051600
>>> PSH约束违反达标! (0 < 7)

======================================================================
训练轮次 24/200
======================================================================
平均奖励: 7.9744
电压越限次数: 43
PSH约束违反: 0
PSH动作: 保持=166, 发电=181, 抽水=167, 停止=158
PSH上水库SOC: 0.183 (范围: 0.000-0.702)
电压范围: [0.9464, 1.0468]
Actor损失: -0.000078
Critic损失: 1.348400
>>> PSH约束违反达标! (0 < 7)

======================================================================
训练轮次 25/200
======================================================================
平均奖励: 7.6589
电压越限次数: 32
PSH约束违反: 0
PSH动作: 保持=153, 发电=176, 抽水=183, 停止=160
PSH上水库SOC: 0.341 (范围: 0.156-0.822)
电压范围: [0.9457, 1.0466]
Actor损失: 0.005457
Critic损失: 1.181165
>>> PSH约束违反达标! (0 < 7)

======================================================================
训练轮次 26/200
======================================================================
平均奖励: 8.0340
电压越限次数: 19
PSH约束违反: 0
PSH动作: 保持=137, 发电=202, 抽水=179, 停止=154
PSH上水库SOC: 0.187 (范围: 0.011-0.782)
电压范围: [0.9461, 1.0465]
Actor损失: 0.008054
Critic损失: 1.271917
>>> PSH约束违反达标! (0 < 7)
警告: 优势中有NaN或Inf，跳过本次更新

======================================================================
训练轮次 27/200
======================================================================
平均奖励: 9.4133
电压越限次数: 46
PSH约束违反: 0
PSH动作: 保持=146, 发电=166, 抽水=197, 停止=163
PSH上水库SOC: 0.483 (范围: 0.073-0.517)
电压范围: [0.9463, 1.0466]
Actor损失: 0.008054
Critic损失: 1.271917
>>> PSH约束违反达标! (0 < 7)

======================================================================
训练轮次 28/200
======================================================================
平均奖励: 7.8191
电压越限次数: 31
PSH约束违反: 0
PSH动作: 保持=137, 发电=177, 抽水=189, 停止=169
PSH上水库SOC: 0.363 (范围: 0.183-0.863)
电压范围: [0.9461, 1.0464]
Actor损失: -0.006671
Critic损失: 1.164018
>>> PSH约束违反达标! (0 < 7)

======================================================================
训练轮次 29/200
======================================================================
平均奖励: 7.6403
电压越限次数: 17
PSH约束违反: 0
PSH动作: 保持=153, 发电=185, 抽水=186, 停止=148
PSH上水库SOC: 0.308 (范围: 0.099-0.661)
电压范围: [0.9460, 1.0461]
Actor损失: -0.003277
Critic损失: 1.065594
>>> PSH约束违反达标! (0 < 7)

======================================================================
训练轮次 30/200
======================================================================
平均奖励: 7.5469
电压越限次数: 26
PSH约束违反: 0
PSH动作: 保持=155, 发电=182, 抽水=159, 停止=176
PSH上水库SOC: 0.315 (范围: 0.233-0.710)
电压范围: [0.9468, 1.0471]
Actor损失: 0.000184
Critic损失: 1.008347
>>> PSH约束违反达标! (0 < 7)

>>> 第 30 轮评估平均奖励: 9.9950
>>> 保存最佳模型

======================================================================
训练轮次 31/200
======================================================================
平均奖励: 7.6899
电压越限次数: 41
PSH约束违反: 0
PSH动作: 保持=145, 发电=181, 抽水=187, 停止=159
PSH上水库SOC: 0.303 (范围: 0.117-0.776)
电压范围: [0.9463, 1.0466]
Actor损失: -0.004974
Critic损失: 1.051482
>>> PSH约束违反达标! (0 < 7)
警告: 优势中有NaN或Inf，跳过本次更新

======================================================================
训练轮次 32/200
======================================================================
平均奖励: 8.0001
电压越限次数: 28
PSH约束违反: 0
PSH动作: 保持=124, 发电=181, 抽水=181, 停止=186
PSH上水库SOC: 0.339 (范围: 0.166-0.739)
电压范围: [0.9467, 1.0468]
Actor损失: -0.004974
Critic损失: 1.051482
>>> PSH约束违反达标! (0 < 7)

======================================================================
训练轮次 33/200
======================================================================
平均奖励: 7.9102
电压越限次数: 29
PSH约束违反: 0
PSH动作: 保持=131, 发电=189, 抽水=168, 停止=184
PSH上水库SOC: 0.436 (范围: 0.178-0.823)
电压范围: [0.9468, 1.0469]
Actor损失: -0.001213
Critic损失: 1.095253
>>> PSH约束违反达标! (0 < 7)

======================================================================
训练轮次 34/200
======================================================================
平均奖励: 8.2904
电压越限次数: 30
PSH约束违反: 0
PSH动作: 保持=144, 发电=184, 抽水=190, 停止=154
PSH上水库SOC: 0.178 (范围: 0.147-0.702)
电压范围: [0.9461, 1.0465]
Actor损失: 0.002760
Critic损失: 1.177397
>>> PSH约束违反达标! (0 < 7)

======================================================================
训练轮次 35/200
======================================================================
平均奖励: 7.8001
电压越限次数: 39
PSH约束违反: 0
PSH动作: 保持=143, 发电=170, 抽水=198, 停止=161
PSH上水库SOC: 0.263 (范围: 0.035-0.702)
电压范围: [0.9463, 1.0462]
Actor损失: 0.005852
Critic损失: 1.001124
>>> PSH约束违反达标! (0 < 7)

======================================================================
训练轮次 36/200
======================================================================
平均奖励: 8.0142
电压越限次数: 29
PSH约束违反: 0
PSH动作: 保持=124, 发电=173, 抽水=209, 停止=166
PSH上水库SOC: 0.291 (范围: 0.230-0.809)
电压范围: [0.9461, 1.0466]
Actor损失: 0.006939
Critic损失: 1.000772
>>> PSH约束违反达标! (0 < 7)

======================================================================
训练轮次 37/200
======================================================================
平均奖励: 9.0522
电压越限次数: 14
PSH约束违反: 0
PSH动作: 保持=146, 发电=159, 抽水=183, 停止=184
PSH上水库SOC: 0.165 (范围: 0.127-0.856)
电压范围: [0.9468, 1.0467]
Actor损失: 0.002882
Critic损失: 1.319488
>>> PSH约束违反达标! (0 < 7)

======================================================================
训练轮次 38/200
======================================================================
平均奖励: 7.8988
电压越限次数: 28
PSH约束违反: 0
PSH动作: 保持=129, 发电=174, 抽水=185, 停止=184
PSH上水库SOC: 0.237 (范围: 0.093-0.530)
电压范围: [0.9466, 1.0467]
Actor损失: -0.001374
Critic损失: 0.906238
>>> PSH约束违反达标! (0 < 7)

======================================================================
训练轮次 39/200
======================================================================
平均奖励: 8.1406
电压越限次数: 23
PSH约束违反: 0
PSH动作: 保持=125, 发电=178, 抽水=179, 停止=190
PSH上水库SOC: 0.207 (范围: 0.000-0.565)
电压范围: [0.9465, 1.0467]
Actor损失: -0.002324
Critic损失: 0.939548
>>> PSH约束违反达标! (0 < 7)

======================================================================
训练轮次 40/200
======================================================================
平均奖励: 8.7559
电压越限次数: 35
PSH约束违反: 0
PSH动作: 保持=144, 发电=175, 抽水=178, 停止=175
PSH上水库SOC: 0.486 (范围: 0.132-0.616)
电压范围: [0.9464, 1.0467]
Actor损失: 0.003988
Critic损失: 1.114693
>>> PSH约束违反达标! (0 < 7)

>>> 第 40 轮评估平均奖励: 9.9930
>>> 未改进 (1/30)

======================================================================
训练轮次 41/200
======================================================================
平均奖励: 8.8441
电压越限次数: 28
PSH约束违反: 0
PSH动作: 保持=124, 发电=185, 抽水=193, 停止=170
PSH上水库SOC: 0.584 (范围: 0.352-0.702)
电压范围: [0.9466, 1.0466]
Actor损失: 0.001455
Critic损失: 1.074310
>>> PSH约束违反达标! (0 < 7)

======================================================================
训练轮次 42/200
======================================================================
平均奖励: 7.8881
电压越限次数: 26
PSH约束违反: 0
PSH动作: 保持=136, 发电=195, 抽水=172, 停止=169
PSH上水库SOC: 0.296 (范围: 0.097-0.661)
电压范围: [0.9462, 1.0466]
Actor损失: 0.003115
Critic损失: 0.779781
>>> PSH约束违反达标! (0 < 7)
警告: 优势中有NaN或Inf，跳过本次更新

======================================================================
训练轮次 43/200
======================================================================
平均奖励: 7.8414
电压越限次数: 26
PSH约束违反: 0
PSH动作: 保持=132, 发电=169, 抽水=175, 停止=196
PSH上水库SOC: 0.308 (范围: 0.137-0.742)
电压范围: [0.9466, 1.0468]
Actor损失: 0.003115
Critic损失: 0.779781
>>> PSH约束违反达标! (0 < 7)

======================================================================
训练轮次 44/200
======================================================================
平均奖励: 7.9950
电压越限次数: 22
PSH约束违反: 0
PSH动作: 保持=125, 发电=175, 抽水=187, 停止=185
PSH上水库SOC: 0.351 (范围: 0.184-0.757)
电压范围: [0.9464, 1.0460]
Actor损失: -0.001680
Critic损失: 0.754039
>>> PSH约束违反达标! (0 < 7)

======================================================================
训练轮次 45/200
======================================================================
平均奖励: 8.7002
电压越限次数: 26
PSH约束违反: 0
PSH动作: 保持=115, 发电=213, 抽水=181, 停止=163
PSH上水库SOC: 0.166 (范围: 0.142-0.643)
电压范围: [0.9465, 1.0465]
Actor损失: 0.001119
Critic损失: 0.963333
>>> PSH约束违反达标! (0 < 7)

======================================================================
训练轮次 46/200
======================================================================
平均奖励: 7.6098
电压越限次数: 33
PSH约束违反: 0
PSH动作: 保持=150, 发电=167, 抽水=173, 停止=182
PSH上水库SOC: 0.372 (范围: 0.131-0.606)
电压范围: [0.9459, 1.0465]
Actor损失: -0.000523
Critic损失: 0.647341
>>> PSH约束违反达标! (0 < 7)

======================================================================
训练轮次 47/200
======================================================================
平均奖励: 7.9601
电压越限次数: 23
PSH约束违反: 0
PSH动作: 保持=133, 发电=196, 抽水=164, 停止=179
PSH上水库SOC: 0.320 (范围: 0.000-0.661)
电压范围: [0.9468, 1.0465]
Actor损失: -0.000988
Critic损失: 0.719340
>>> PSH约束违反达标! (0 < 7)

======================================================================
训练轮次 48/200
======================================================================
平均奖励: 7.9504
电压越限次数: 33
PSH约束违反: 0
PSH动作: 保持=124, 发电=201, 抽水=169, 停止=178
PSH上水库SOC: 0.246 (范围: 0.142-0.695)
电压范围: [0.9459, 1.0465]
Actor损失: 0.006571
Critic损失: 0.661424
>>> PSH约束违反达标! (0 < 7)

======================================================================
训练轮次 49/200
======================================================================
平均奖励: 7.7036
电压越限次数: 27
PSH约束违反: 0
PSH动作: 保持=145, 发电=175, 抽水=171, 停止=181
PSH上水库SOC: 0.396 (范围: 0.230-0.745)
电压范围: [0.9466, 1.0465]
Actor损失: 0.001378
Critic损失: 0.556147
>>> PSH约束违反达标! (0 < 7)

======================================================================
训练轮次 50/200
======================================================================
平均奖励: 8.0108
电压越限次数: 26
PSH约束违反: 0
PSH动作: 保持=123, 发电=195, 抽水=191, 停止=163
PSH上水库SOC: 0.343 (范围: 0.075-0.500)
电压范围: [0.9462, 1.0466]
Actor损失: -0.003396
Critic损失: 0.622373
>>> PSH约束违反达标! (0 < 7)

>>> 第 50 轮评估平均奖励: 9.9946
>>> 未改进 (2/30)

======================================================================
训练轮次 51/200
======================================================================
平均奖励: 7.7888
电压越限次数: 29
PSH约束违反: 0
PSH动作: 保持=143, 发电=187, 抽水=179, 停止=163
PSH上水库SOC: 0.425 (范围: 0.272-0.702)
电压范围: [0.9460, 1.0466]
Actor损失: 0.007688
Critic损失: 0.566921
>>> PSH约束违反达标! (0 < 7)

======================================================================
训练轮次 52/200
======================================================================
平均奖励: 8.0855
电压越限次数: 24
PSH约束违反: 0
PSH动作: 保持=122, 发电=166, 抽水=195, 停止=189
PSH上水库SOC: 0.434 (范围: 0.184-0.863)
电压范围: [0.9467, 1.0467]
Actor损失: -0.004116
Critic损失: 0.634592
>>> PSH约束违反达标! (0 < 7)

======================================================================
训练轮次 53/200
======================================================================
平均奖励: 9.7054
电压越限次数: 27
PSH约束违反: 0
PSH动作: 保持=123, 发电=185, 抽水=198, 停止=166
PSH上水库SOC: 0.025 (范围: 0.000-0.448)
电压范围: [0.9464, 1.0465]
Actor损失: 0.014848
Critic损失: 0.943427
>>> PSH约束违反达标! (0 < 7)

======================================================================
训练轮次 54/200
======================================================================
平均奖励: 8.1964
电压越限次数: 21
PSH约束违反: 0
PSH动作: 保持=123, 发电=179, 抽水=168, 停止=202
PSH上水库SOC: 0.354 (范围: 0.060-0.940)
电压范围: [0.9474, 1.0467]
Actor损失: -0.006633
Critic损失: 0.641265
>>> PSH约束违反达标! (0 < 7)

======================================================================
训练轮次 55/200
======================================================================
平均奖励: 9.5685
电压越限次数: 37
PSH约束违反: 0
PSH动作: 保持=143, 发电=175, 抽水=197, 停止=157
PSH上水库SOC: 0.601 (范围: 0.093-0.698)
电压范围: [0.9467, 1.0467]
Actor损失: 0.000242
Critic损失: 0.962535
>>> PSH约束违反达标! (0 < 7)

======================================================================
训练轮次 56/200
======================================================================
平均奖励: 8.2614
电压越限次数: 34
PSH约束违反: 0
PSH动作: 保持=103, 发电=207, 抽水=191, 停止=171
PSH上水库SOC: 0.227 (范围: 0.137-0.661)
电压范围: [0.9461, 1.0465]
Actor损失: -0.008059
Critic损失: 0.606475
>>> PSH约束违反达标! (0 < 7)

======================================================================
训练轮次 57/200
======================================================================
平均奖励: 8.1104
电压越限次数: 27
PSH约束违反: 0
PSH动作: 保持=117, 发电=188, 抽水=192, 停止=175
PSH上水库SOC: 0.215 (范围: 0.183-0.782)
电压范围: [0.9464, 1.0466]
Actor损失: 0.000074
Critic损失: 0.569935
>>> PSH约束违反达标! (0 < 7)

======================================================================
训练轮次 58/200
======================================================================
平均奖励: 8.8781
电压越限次数: 32
PSH约束违反: 0
PSH动作: 保持=126, 发电=198, 抽水=187, 停止=161
PSH上水库SOC: 0.517 (范围: 0.063-0.661)
电压范围: [0.9463, 1.0466]
Actor损失: -0.001545
Critic损失: 0.716292
>>> PSH约束违反达标! (0 < 7)

======================================================================
训练轮次 59/200
======================================================================
平均奖励: 7.9363
电压越限次数: 22
PSH约束违反: 0
PSH动作: 保持=132, 发电=191, 抽水=169, 停止=180
PSH上水库SOC: 0.397 (范围: 0.135-0.606)
电压范围: [0.9474, 1.0467]
Actor损失: -0.004430
Critic损失: 0.652686
>>> PSH约束违反达标! (0 < 7)

======================================================================
训练轮次 60/200
======================================================================
平均奖励: 8.1292
电压越限次数: 29
PSH约束违反: 0
PSH动作: 保持=116, 发电=185, 抽水=181, 停止=190
PSH上水库SOC: 0.328 (范围: 0.114-0.729)
电压范围: [0.9460, 1.0465]
Actor损失: -0.000427
Critic损失: 0.547147
>>> PSH约束违反达标! (0 < 7)

>>> 第 60 轮评估平均奖励: 9.9973
>>> 保存最佳模型

======================================================================
训练轮次 61/200
======================================================================
平均奖励: 8.4241
电压越限次数: 25
PSH约束违反: 0
PSH动作: 保持=121, 发电=179, 抽水=198, 停止=174
PSH上水库SOC: 0.183 (范围: 0.154-0.702)
电压范围: [0.9469, 1.0467]
Actor损失: -0.004160
Critic损失: 0.646113
>>> PSH约束违反达标! (0 < 7)

======================================================================
训练轮次 62/200
======================================================================
平均奖励: 7.9835
电压越限次数: 26
PSH约束违反: 0
PSH动作: 保持=129, 发电=174, 抽水=205, 停止=164
PSH上水库SOC: 0.405 (范围: 0.193-0.670)
电压范围: [0.9459, 1.0465]
Actor损失: -0.004466
Critic损失: 0.591759
>>> PSH约束违反达标! (0 < 7)

======================================================================
训练轮次 63/200
======================================================================
平均奖励: 9.5369
电压越限次数: 32
PSH约束违反: 0
PSH动作: 保持=105, 发电=190, 抽水=191, 停止=186
PSH上水库SOC: 0.102 (范围: 0.072-0.544)
电压范围: [0.9461, 1.0466]
Actor损失: -0.002337
Critic损失: 0.820397
>>> PSH约束违反达标! (0 < 7)

======================================================================
训练轮次 64/200
======================================================================
平均奖励: 8.2132
电压越限次数: 20
PSH约束违反: 0
PSH动作: 保持=114, 发电=186, 抽水=196, 停止=176
PSH上水库SOC: 0.420 (范围: 0.342-0.822)
电压范围: [0.9474, 1.0472]
Actor损失: -0.001476
Critic损失: 0.584488
>>> PSH约束违反达标! (0 < 7)

======================================================================
训练轮次 65/200
======================================================================
平均奖励: 7.9549
电压越限次数: 25
PSH约束违反: 0
PSH动作: 保持=126, 发电=179, 抽水=191, 停止=176
PSH上水库SOC: 0.456 (范围: 0.104-0.614)
电压范围: [0.9457, 1.0464]
Actor损失: -0.004808
Critic损失: 0.627669
>>> PSH约束违反达标! (0 < 7)

======================================================================
训练轮次 66/200
======================================================================
平均奖励: 8.1024
电压越限次数: 31
PSH约束违反: 0
PSH动作: 保持=118, 发电=204, 抽水=186, 停止=164
PSH上水库SOC: 0.244 (范围: 0.041-0.661)
电压范围: [0.9458, 1.0464]
Actor损失: 0.001396
Critic损失: 0.601515
>>> PSH约束违反达标! (0 < 7)

======================================================================
训练轮次 67/200
======================================================================
平均奖励: 8.2400
电压越限次数: 28
PSH约束违反: 0
PSH动作: 保持=108, 发电=190, 抽水=216, 停止=158
PSH上水库SOC: 0.492 (范围: 0.288-0.856)
电压范围: [0.9465, 1.0466]
Actor损失: -0.006424
Critic损失: 0.634438
>>> PSH约束违反达标! (0 < 7)

======================================================================
训练轮次 68/200
======================================================================
平均奖励: 8.1567
电压越限次数: 33
PSH约束违反: 0
PSH动作: 保持=111, 发电=182, 抽水=207, 停止=172
PSH上水库SOC: 0.420 (范围: 0.102-0.614)
电压范围: [0.9459, 1.0466]
Actor损失: -0.004253
Critic损失: 0.723084
>>> PSH约束违反达标! (0 < 7)

======================================================================
训练轮次 69/200
======================================================================
平均奖励: 9.7425
电压越限次数: 27
PSH约束违反: 0
PSH动作: 保持=101, 发电=200, 抽水=216, 停止=155
PSH上水库SOC: 0.030 (范围: 0.000-0.534)
电压范围: [0.9455, 1.0465]
Actor损失: 0.002405
Critic损失: 0.782437
>>> PSH约束违反达标! (0 < 7)

======================================================================
训练轮次 70/200
======================================================================
平均奖励: 8.6319
电压越限次数: 42
PSH约束违反: 0
PSH动作: 保持=123, 发电=173, 抽水=195, 停止=181
PSH上水库SOC: 0.198 (范围: 0.043-0.782)
电压范围: [0.9463, 1.0466]
Actor损失: -0.004698
Critic损失: 0.638822
>>> PSH约束违反达标! (0 < 7)

>>> 第 70 轮评估平均奖励: 9.9955
>>> 未改进 (1/30)

======================================================================
训练轮次 71/200
======================================================================
平均奖励: 8.2544
电压越限次数: 19
PSH约束违反: 0
PSH动作: 保持=111, 发电=194, 抽水=203, 停止=164
PSH上水库SOC: 0.279 (范围: 0.115-0.532)
电压范围: [0.9456, 1.0465]
Actor损失: -0.005855
Critic损失: 0.859774
>>> PSH约束违反达标! (0 < 7)

======================================================================
训练轮次 72/200
======================================================================
平均奖励: 8.4137
电压越限次数: 29
PSH约束违反: 0
PSH动作: 保持=95, 发电=187, 抽水=194, 停止=196
PSH上水库SOC: 0.328 (范围: 0.127-0.702)
电压范围: [0.9457, 1.0466]
Actor损失: -0.004452
Critic损失: 0.775663
>>> PSH约束违反达标! (0 < 7)

======================================================================
训练轮次 73/200
======================================================================
平均奖励: 9.6702
电压越限次数: 30
PSH约束违反: 0
PSH动作: 保持=92, 发电=184, 抽水=204, 停止=192
PSH上水库SOC: 0.595 (范围: 0.099-0.661)
电压范围: [0.9467, 1.0465]
Actor损失: -0.000654
Critic损失: 0.849697
>>> PSH约束违反达标! (0 < 7)

======================================================================
训练轮次 74/200
======================================================================
平均奖励: 8.3315
电压越限次数: 24
PSH约束违反: 0
PSH动作: 保持=104, 发电=191, 抽水=200, 停止=177
PSH上水库SOC: 0.276 (范围: 0.000-0.510)
电压范围: [0.9461, 1.0466]
Actor损失: 0.000494
Critic损失: 0.883245
>>> PSH约束违反达标! (0 < 7)

======================================================================
训练轮次 75/200
======================================================================
平均奖励: 8.5216
电压越限次数: 23
PSH约束违反: 0
PSH动作: 保持=95, 发电=207, 抽水=193, 停止=177
PSH上水库SOC: 0.548 (范围: 0.300-0.823)
电压范围: [0.9457, 1.0456]
Actor损失: 0.004685
Critic损失: 0.811493
>>> PSH约束违反达标! (0 < 7)

======================================================================
训练轮次 76/200
======================================================================
平均奖励: 9.5872
电压越限次数: 53
PSH约束违反: 0
PSH动作: 保持=98, 发电=207, 抽水=200, 停止=167
PSH上水库SOC: 0.396 (范围: 0.035-0.816)
电压范围: [0.9467, 1.0469]
Actor损失: -0.002016
Critic损失: 0.797368
>>> PSH约束违反达标! (0 < 7)

======================================================================
训练轮次 77/200
======================================================================
平均奖励: 9.4408
电压越限次数: 49
PSH约束违反: 0
PSH动作: 保持=93, 发电=194, 抽水=215, 停止=170
PSH上水库SOC: 0.060 (范围: 0.000-0.671)
电压范围: [0.9458, 1.0466]
Actor损失: -0.001543
Critic损失: 0.885839
>>> PSH约束违反达标! (0 < 7)

======================================================================
训练轮次 78/200
======================================================================
平均奖励: 8.3807
电压越限次数: 19
PSH约束违反: 0
PSH动作: 保持=98, 发电=212, 抽水=204, 停止=158
PSH上水库SOC: 0.239 (范围: 0.225-0.661)
电压范围: [0.9464, 1.0466]
Actor损失: 0.001339
Critic损失: 0.974834
>>> PSH约束违反达标! (0 < 7)

======================================================================
训练轮次 79/200
======================================================================
平均奖励: 8.9490
电压越限次数: 31
PSH约束违反: 0
PSH动作: 保持=103, 发电=194, 抽水=198, 停止=177
PSH上水库SOC: 0.541 (范围: 0.109-0.742)
电压范围: [0.9462, 1.0463]
Actor损失: 0.005993
Critic损失: 0.848068
>>> PSH约束违反达标! (0 < 7)

======================================================================
训练轮次 80/200
======================================================================
平均奖励: 8.7651
电压越限次数: 38
PSH约束违反: 0
PSH动作: 保持=110, 发电=174, 抽水=206, 停止=182
PSH上水库SOC: 0.172 (范围: 0.000-0.612)
电压范围: [0.9464, 1.0471]
Actor损失: -0.005674
Critic损失: 0.780740
>>> PSH约束违反达标! (0 < 7)

>>> 第 80 轮评估平均奖励: 9.9941
>>> 未改进 (2/30)

======================================================================
训练轮次 81/200
======================================================================
平均奖励: 8.4678
电压越限次数: 26
PSH约束违反: 0
PSH动作: 保持=92, 发电=189, 抽水=208, 停止=183
PSH上水库SOC: 0.307 (范围: 0.137-0.614)
电压范围: [0.9465, 1.0466]
Actor损失: 0.001289
Critic损失: 0.848765
>>> PSH约束违反达标! (0 < 7)

======================================================================
训练轮次 82/200
======================================================================
平均奖励: 8.5304
电压越限次数: 28
PSH约束违反: 0
PSH动作: 保持=89, 发电=191, 抽水=217, 停止=175
PSH上水库SOC: 0.235 (范围: 0.075-0.661)
电压范围: [0.9458, 1.0466]
Actor损失: 0.002297
Critic损失: 0.844871
>>> PSH约束违反达标! (0 < 7)

======================================================================
训练轮次 83/200
======================================================================
平均奖励: 8.8511
电压越限次数: 26
PSH约束违反: 0
PSH动作: 保持=98, 发电=201, 抽水=203, 停止=170
PSH上水库SOC: 0.168 (范围: 0.142-0.688)
电压范围: [0.9467, 1.0466]
Actor损失: 0.000686
Critic损失: 0.972493
>>> PSH约束违反达标! (0 < 7)

======================================================================
训练轮次 84/200
======================================================================
平均奖励: 8.3639
电压越限次数: 31
PSH约束违反: 0
PSH动作: 保持=95, 发电=206, 抽水=196, 停止=175
PSH上水库SOC: 0.270 (范围: 0.218-0.804)
电压范围: [0.9465, 1.0467]
Actor损失: 0.000446
Critic损失: 0.795673
>>> PSH约束违反达标! (0 < 7)

======================================================================
训练轮次 85/200
======================================================================
平均奖励: 8.4205
电压越限次数: 29
PSH约束违反: 0
PSH动作: 保持=97, 发电=194, 抽水=204, 停止=177
PSH上水库SOC: 0.529 (范围: 0.362-0.735)
电压范围: [0.9465, 1.0466]
Actor损失: -0.002103
Critic损失: 0.799714
>>> PSH约束违反达标! (0 < 7)

======================================================================
训练轮次 86/200
======================================================================
平均奖励: 8.3977
电压越限次数: 21
PSH约束违反: 0
PSH动作: 保持=96, 发电=187, 抽水=199, 停止=190
PSH上水库SOC: 0.418 (范围: 0.354-0.717)
电压范围: [0.9466, 1.0463]
Actor损失: 0.002743
Critic损失: 0.757796
>>> PSH约束违反达标! (0 < 7)

======================================================================
训练轮次 87/200
======================================================================
平均奖励: 8.3836
电压越限次数: 29
PSH约束违反: 0
PSH动作: 保持=97, 发电=210, 抽水=193, 停止=172
PSH上水库SOC: 0.466 (范围: 0.270-0.614)
电压范围: [0.9466, 1.0471]
Actor损失: -0.001742
Critic损失: 0.795108
>>> PSH约束违反达标! (0 < 7)

======================================================================
训练轮次 88/200
======================================================================
平均奖励: 8.4737
电压越限次数: 35
PSH约束违反: 0
PSH动作: 保持=88, 发电=203, 抽水=200, 停止=181
PSH上水库SOC: 0.301 (范围: 0.102-0.702)
电压范围: [0.9466, 1.0468]
Actor损失: 0.007309
Critic损失: 0.854474
>>> PSH约束违反达标! (0 < 7)

======================================================================
训练轮次 89/200
======================================================================
平均奖励: 8.2818
电压越限次数: 28
PSH约束违反: 0
PSH动作: 保持=102, 发电=169, 抽水=222, 停止=179
PSH上水库SOC: 0.246 (范围: 0.223-0.695)
电压范围: [0.9466, 1.0467]
Actor损失: -0.003260
Critic损失: 0.701901
>>> PSH约束违反达标! (0 < 7)

======================================================================
训练轮次 90/200
======================================================================
平均奖励: 8.2149
电压越限次数: 41
PSH约束违反: 0
PSH动作: 保持=103, 发电=185, 抽水=203, 停止=181
PSH上水库SOC: 0.285 (范围: 0.077-0.561)
电压范围: [0.9459, 1.0466]
Actor损失: 0.001764
Critic损失: 0.794170
>>> PSH约束违反达标! (0 < 7)

>>> 第 90 轮评估平均奖励: 9.9770
>>> 未改进 (3/30)

======================================================================
训练轮次 91/200
======================================================================
平均奖励: 8.5884
电压越限次数: 26
PSH约束违反: 0
PSH动作: 保持=83, 发电=187, 抽水=212, 停止=190
PSH上水库SOC: 0.313 (范围: 0.245-0.762)
电压范围: [0.9468, 1.0464]
Actor损失: 0.003295
Critic损失: 0.812709
>>> PSH约束违反达标! (0 < 7)

======================================================================
训练轮次 92/200
======================================================================
平均奖励: 8.7872
电压越限次数: 29
PSH约束违反: 0
PSH动作: 保持=91, 发电=199, 抽水=210, 停止=172
PSH上水库SOC: 0.168 (范围: 0.041-0.500)
电压范围: [0.9466, 1.0466]
Actor损失: -0.001158
Critic损失: 0.783700
>>> PSH约束违反达标! (0 < 7)

======================================================================
训练轮次 93/200
======================================================================
平均奖励: 9.1633
电压越限次数: 32
PSH约束违反: 0
PSH动作: 保持=93, 发电=210, 抽水=195, 停止=174
PSH上水库SOC: 0.148 (范围: 0.000-0.661)
电压范围: [0.9466, 1.0470]
Actor损失: 0.005059
Critic损失: 0.854767
>>> PSH约束违反达标! (0 < 7)

======================================================================
训练轮次 94/200
======================================================================
平均奖励: 8.5192
电压越限次数: 23
PSH约束违反: 0
PSH动作: 保持=87, 发电=219, 抽水=190, 停止=176
PSH上水库SOC: 0.239 (范围: 0.135-0.619)
电压范围: [0.9467, 1.0465]
Actor损失: -0.005765
Critic损失: 0.811395
>>> PSH约束违反达标! (0 < 7)

======================================================================
训练轮次 95/200
======================================================================
平均奖励: 8.4706
电压越限次数: 34
PSH约束违反: 0
PSH动作: 保持=87, 发电=177, 抽水=236, 停止=172
PSH上水库SOC: 0.274 (范围: 0.095-0.619)
电压范围: [0.9464, 1.0466]
Actor损失: -0.000732
Critic损失: 0.795262
>>> PSH约束违反达标! (0 < 7)

======================================================================
训练轮次 96/200
======================================================================
平均奖励: 8.4026
电压越限次数: 26
PSH约束违反: 0
PSH动作: 保持=93, 发电=210, 抽水=201, 停止=168
PSH上水库SOC: 0.352 (范围: 0.186-0.661)
电压范围: [0.9462, 1.0465]
Actor损失: -0.004488
Critic损失: 0.768534
>>> PSH约束违反达标! (0 < 7)

======================================================================
训练轮次 97/200
======================================================================
平均奖励: 9.3657
电压越限次数: 23
PSH约束违反: 0
PSH动作: 保持=79, 发电=191, 抽水=221, 停止=181
PSH上水库SOC: 0.142 (范围: 0.092-0.614)
电压范围: [0.9471, 1.0466]
Actor损失: 0.004049
Critic损失: 0.864774
>>> PSH约束违反达标! (0 < 7)

======================================================================
训练轮次 98/200
======================================================================
平均奖励: 9.6278
电压越限次数: 40
PSH约束违反: 0
PSH动作: 保持=87, 发电=205, 抽水=195, 停止=185
PSH上水库SOC: 0.483 (范围: 0.062-0.702)
电压范围: [0.9466, 1.0465]
Actor损失: 0.002622
Critic损失: 0.824374
>>> PSH约束违反达标! (0 < 7)

======================================================================
训练轮次 99/200
======================================================================
平均奖励: 8.4289
电压越限次数: 26
PSH约束违反: 0
PSH动作: 保持=97, 发电=210, 抽水=180, 停止=185
PSH上水库SOC: 0.299 (范围: 0.036-0.554)
电压范围: [0.9465, 1.0470]
Actor损失: -0.002552
Critic损失: 0.792459
>>> PSH约束违反达标! (0 < 7)

======================================================================
训练轮次 100/200
======================================================================
平均奖励: 9.1187
电压越限次数: 27
PSH约束违反: 0
PSH动作: 保持=95, 发电=188, 抽水=210, 停止=179
PSH上水库SOC: 0.596 (范围: 0.292-0.809)
电压范围: [0.9465, 1.0465]
Actor损失: -0.000936
Critic损失: 0.719607
>>> PSH约束违反达标! (0 < 7)

>>> 第 100 轮评估平均奖励: 9.9876
>>> 未改进 (4/30)

======================================================================
训练轮次 101/200
======================================================================
平均奖励: 8.8173
电压越限次数: 23
PSH约束违反: 0
PSH动作: 保持=87, 发电=202, 抽水=200, 停止=183
PSH上水库SOC: 0.168 (范围: 0.000-0.544)
电压范围: [0.9462, 1.0461]
Actor损失: -0.001829
Critic损失: 0.792220
>>> PSH约束违反达标! (0 < 7)

======================================================================
训练轮次 102/200
======================================================================
平均奖励: 9.7143
电压越限次数: 33
PSH约束违反: 0
PSH动作: 保持=69, 发电=211, 抽水=205, 停止=187
PSH上水库SOC: 0.130 (范围: 0.000-0.735)
电压范围: [0.9466, 1.0466]
Actor损失: -0.006283
Critic损失: 0.852170
>>> PSH约束违反达标! (0 < 7)

======================================================================
训练轮次 103/200
======================================================================
平均奖励: 8.5118
电压越限次数: 30
PSH约束违反: 0
PSH动作: 保持=85, 发电=209, 抽水=199, 停止=179
PSH上水库SOC: 0.358 (范围: 0.122-0.606)
电压范围: [0.9473, 1.0469]
Actor损失: -0.000711
Critic损失: 0.868474
>>> PSH约束违反达标! (0 < 7)

======================================================================
训练轮次 104/200
======================================================================
平均奖励: 8.2881
电压越限次数: 49
PSH约束违反: 0
PSH动作: 保持=107, 发电=192, 抽水=227, 停止=146
PSH上水库SOC: 0.293 (范围: 0.025-0.567)
电压范围: [0.9466, 1.0467]
Actor损失: 0.001234
Critic损失: 0.636236
>>> PSH约束违反达标! (0 < 7)

======================================================================
训练轮次 105/200
======================================================================
平均奖励: 8.3637
电压越限次数: 38
PSH约束违反: 0
PSH动作: 保持=99, 发电=187, 抽水=212, 停止=174
PSH上水库SOC: 0.412 (范围: 0.080-0.661)
电压范围: [0.9466, 1.0466]
Actor损失: -0.000758
Critic损失: 0.710182
>>> PSH约束违反达标! (0 < 7)

======================================================================
训练轮次 106/200
======================================================================
平均奖励: 9.5257
电压越限次数: 51
PSH约束违反: 0
PSH动作: 保持=105, 发电=188, 抽水=203, 停止=176
PSH上水库SOC: 0.106 (范围: 0.011-0.735)
电压范围: [0.9461, 1.0466]
Actor损失: 0.000192
Critic损失: 0.830155
>>> PSH约束违反达标! (0 < 7)

======================================================================
训练轮次 107/200
======================================================================
平均奖励: 9.5565
电压越限次数: 47
PSH约束违反: 0
PSH动作: 保持=88, 发电=190, 抽水=225, 停止=169
PSH上水库SOC: 0.043 (范围: 0.000-0.661)
电压范围: [0.9457, 1.0466]
Actor损失: 0.000266
Critic损失: 0.817342
>>> PSH约束违反达标! (0 < 7)

======================================================================
训练轮次 108/200
======================================================================
平均奖励: 8.7328
电压越限次数: 27
PSH约束违反: 0
PSH动作: 保持=70, 发电=196, 抽水=200, 停止=206
PSH上水库SOC: 0.485 (范围: 0.186-0.549)
电压范围: [0.9461, 1.0462]
Actor损失: -0.000414
Critic损失: 0.836800
>>> PSH约束违反达标! (0 < 7)

======================================================================
训练轮次 109/200
======================================================================
平均奖励: 8.6070
电压越限次数: 31
PSH约束违反: 0
PSH动作: 保持=79, 发电=191, 抽水=212, 停止=190
PSH上水库SOC: 0.292 (范围: 0.131-0.503)
电压范围: [0.9460, 1.0466]
Actor损失: 0.001857
Critic损失: 0.867783
>>> PSH约束违反达标! (0 < 7)

======================================================================
训练轮次 110/200
======================================================================
平均奖励: 9.2395
电压越限次数: 32
PSH约束违反: 0
PSH动作: 保持=75, 发电=201, 抽水=201, 停止=195
PSH上水库SOC: 0.517 (范围: 0.023-0.541)
电压范围: [0.9469, 1.0468]
Actor损失: -0.001117
Critic损失: 0.834362
>>> PSH约束违反达标! (0 < 7)

>>> 第 110 轮评估平均奖励: 9.9943
>>> 未改进 (5/30)

======================================================================
训练轮次 111/200
======================================================================
平均奖励: 9.7771
电压越限次数: 21
PSH约束违反: 0
PSH动作: 保持=73, 发电=210, 抽水=197, 停止=192
PSH上水库SOC: 0.060 (范围: 0.036-0.453)
电压范围: [0.9463, 1.0466]
Actor损失: -0.000049
Critic损失: 0.914961
>>> PSH约束违反达标! (0 < 7)

======================================================================
训练轮次 112/200
======================================================================
平均奖励: 8.6894
电压越限次数: 25
PSH约束违反: 0
PSH动作: 保持=98, 发电=198, 抽水=195, 停止=181
PSH上水库SOC: 0.181 (范围: 0.154-0.655)
电压范围: [0.9467, 1.0465]
Actor损失: -0.001453
Critic损失: 0.859682
>>> PSH约束违反达标! (0 < 7)

======================================================================
训练轮次 113/200
======================================================================
平均奖励: 9.7811
电压越限次数: 17
PSH约束违反: 0
PSH动作: 保持=68, 发电=218, 抽水=196, 停止=190
PSH上水库SOC: 0.025 (范围: 0.000-0.603)
电压范围: [0.9470, 1.0468]
Actor损失: 0.005325
Critic损失: 0.901032
>>> PSH约束违反达标! (0 < 7)

======================================================================
训练轮次 114/200
======================================================================
平均奖励: 8.5756
电压越限次数: 34
PSH约束违反: 0
PSH动作: 保持=82, 发电=199, 抽水=204, 停止=187
PSH上水库SOC: 0.321 (范围: 0.132-0.881)
电压范围: [0.9457, 1.0465]
Actor损失: -0.006628
Critic损失: 0.822557
>>> PSH约束违反达标! (0 < 7)

======================================================================
训练轮次 115/200
======================================================================
平均奖励: 9.5102
电压越限次数: 38
PSH约束违反: 0
PSH动作: 保持=98, 发电=195, 抽水=204, 停止=175
PSH上水库SOC: 0.137 (范围: 0.050-0.661)
电压范围: [0.9460, 1.0466]
Actor损失: -0.004822
Critic损失: 0.835786
>>> PSH约束违反达标! (0 < 7)

======================================================================
训练轮次 116/200
======================================================================
平均奖励: 8.8754
电压越限次数: 42
PSH约束违反: 0
PSH动作: 保持=71, 发电=206, 抽水=222, 停止=173
PSH上水库SOC: 0.182 (范围: 0.060-0.515)
电压范围: [0.9465, 1.0466]
Actor损失: 0.003160
Critic损失: 0.777037
>>> PSH约束违反达标! (0 < 7)

======================================================================
训练轮次 117/200
======================================================================
平均奖励: 8.7702
电压越限次数: 29
PSH约束违反: 0
PSH动作: 保持=76, 发电=201, 抽水=209, 停止=186
PSH上水库SOC: 0.472 (范围: 0.000-0.494)
电压范围: [0.9460, 1.0466]
Actor损失: -0.005490
Critic损失: 0.976945
>>> PSH约束违反达标! (0 < 7)

======================================================================
训练轮次 118/200
======================================================================
平均奖励: 8.7508
电压越限次数: 20
PSH约束违反: 0
PSH动作: 保持=71, 发电=230, 抽水=191, 停止=180
PSH上水库SOC: 0.223 (范围: 0.179-0.661)
电压范围: [0.9467, 1.0467]
Actor损失: -0.000331
Critic损失: 0.827460
>>> PSH约束违反达标! (0 < 7)

======================================================================
训练轮次 119/200
======================================================================
平均奖励: 8.6050
电压越限次数: 54
PSH约束违反: 0
PSH动作: 保持=84, 发电=205, 抽水=217, 停止=166
PSH上水库SOC: 0.229 (范围: 0.040-0.702)
电压范围: [0.9458, 1.0466]
Actor损失: 0.000322
Critic损失: 0.758448
>>> PSH约束违反达标! (0 < 7)

======================================================================
训练轮次 120/200
======================================================================
平均奖励: 8.4112
电压越限次数: 46
PSH约束违反: 0
PSH动作: 保持=94, 发电=221, 抽水=171, 停止=186
PSH上水库SOC: 0.226 (范围: 0.079-0.500)
电压范围: [0.9464, 1.0466]
Actor损失: -0.003865
Critic损失: 0.688147
>>> PSH约束违反达标! (0 < 7)

>>> 第 120 轮评估平均奖励: 9.9960
>>> 未改进 (6/30)

======================================================================
训练轮次 121/200
======================================================================
平均奖励: 8.9354
电压越限次数: 25
PSH约束违反: 0
PSH动作: 保持=61, 发电=191, 抽水=216, 停止=204
PSH上水库SOC: 0.564 (范围: 0.127-0.702)
电压范围: [0.9468, 1.0469]
Actor损失: -0.007200
Critic损失: 0.822036
>>> PSH约束违反达标! (0 < 7)

======================================================================
训练轮次 122/200
======================================================================
平均奖励: 8.8031
电压越限次数: 52
PSH约束违反: 0
PSH动作: 保持=78, 发电=222, 抽水=216, 停止=156
PSH上水库SOC: 0.177 (范围: 0.000-0.453)
电压范围: [0.9459, 1.0465]
Actor损失: 0.000321
Critic损失: 0.612135
>>> PSH约束违反达标! (0 < 7)

======================================================================
训练轮次 123/200
======================================================================
平均奖励: 8.5505
电压越限次数: 32
PSH约束违反: 0
PSH动作: 保持=90, 发电=217, 抽水=199, 停止=166
PSH上水库SOC: 0.279 (范围: 0.000-0.493)
电压范围: [0.9459, 1.0464]
Actor损失: -0.000735
Critic损失: 0.826310
>>> PSH约束违反达标! (0 < 7)

======================================================================
训练轮次 124/200
======================================================================
平均奖励: 8.3661
电压越限次数: 41
PSH约束违反: 0
PSH动作: 保持=97, 发电=231, 抽水=202, 停止=142
PSH上水库SOC: 0.283 (范围: 0.075-0.519)
电压范围: [0.9463, 1.0464]
Actor损失: 0.007318
Critic损失: 0.682628
>>> PSH约束违反达标! (0 < 7)

======================================================================
训练轮次 125/200
======================================================================
平均奖励: 8.8768
电压越限次数: 29
PSH约束违反: 0
PSH动作: 保持=81, 发电=218, 抽水=202, 停止=171
PSH上水库SOC: 0.166 (范围: 0.031-0.448)
电压范围: [0.9463, 1.0466]
Actor损失: -0.004688
Critic损失: 0.841044
>>> PSH约束违反达标! (0 < 7)

======================================================================
训练轮次 126/200
======================================================================
平均奖励: 8.6741
电压越限次数: 32
PSH约束违反: 0
PSH动作: 保持=74, 发电=210, 抽水=206, 停止=182
PSH上水库SOC: 0.332 (范围: 0.140-0.544)
电压范围: [0.9457, 1.0466]
Actor损失: -0.001718
Critic损失: 0.844854
>>> PSH约束违反达标! (0 < 7)

======================================================================
训练轮次 127/200
======================================================================
平均奖励: 8.3785
电压越限次数: 39
PSH约束违反: 0
PSH动作: 保持=92, 发电=198, 抽水=205, 停止=177
PSH上水库SOC: 0.215 (范围: 0.043-0.554)
电压范围: [0.9470, 1.0469]
Actor损失: 0.005296
Critic损失: 0.859026
>>> PSH约束违反达标! (0 < 7)

======================================================================
训练轮次 128/200
======================================================================
平均奖励: 8.8099
电压越限次数: 27
PSH约束违反: 0
PSH动作: 保持=71, 发电=203, 抽水=208, 停止=190
PSH上水库SOC: 0.193 (范围: 0.021-0.661)
电压范围: [0.9461, 1.0465]
Actor损失: -0.001122
Critic损失: 0.817645
>>> PSH约束违反达标! (0 < 7)

======================================================================
训练轮次 129/200
======================================================================
平均奖励: 9.0388
电压越限次数: 34
PSH约束违反: 0
PSH动作: 保持=91, 发电=218, 抽水=203, 停止=160
PSH上水库SOC: 0.498 (范围: 0.140-0.571)
电压范围: [0.9461, 1.0464]
Actor损失: -0.005001
Critic损失: 0.815043
>>> PSH约束违反达标! (0 < 7)

======================================================================
训练轮次 130/200
======================================================================
平均奖励: 8.9651
电压越限次数: 37
PSH约束违反: 0
PSH动作: 保持=54, 发电=234, 抽水=199, 停止=185
PSH上水库SOC: 0.238 (范围: 0.090-0.661)
电压范围: [0.9465, 1.0468]
Actor损失: 0.000746
Critic损失: 0.772510
>>> PSH约束违反达标! (0 < 7)

>>> 第 130 轮评估平均奖励: 9.9956
>>> 未改进 (7/30)

======================================================================
训练轮次 131/200
======================================================================
平均奖励: 9.1376
电压越限次数: 31
PSH约束违反: 0
PSH动作: 保持=79, 发电=184, 抽水=239, 停止=170
PSH上水库SOC: 0.155 (范围: 0.120-0.493)
电压范围: [0.9459, 1.0465]
Actor损失: 0.005266
Critic损失: 0.787599
>>> PSH约束违反达标! (0 < 7)

======================================================================
训练轮次 132/200
======================================================================
平均奖励: 8.7980
电压越限次数: 30
PSH约束违反: 0
PSH动作: 保持=66, 发电=202, 抽水=224, 停止=180
PSH上水库SOC: 0.319 (范围: 0.230-0.661)
电压范围: [0.9466, 1.0468]
Actor损失: -0.002550
Critic损失: 0.855903
>>> PSH约束违反达标! (0 < 7)

======================================================================
训练轮次 133/200
======================================================================
平均奖励: 9.0310
电压越限次数: 55
PSH约束违反: 0
PSH动作: 保持=95, 发电=206, 抽水=205, 停止=166
PSH上水库SOC: 0.166 (范围: 0.000-0.816)
电压范围: [0.9458, 1.0465]
Actor损失: -0.002513
Critic损失: 0.773904
>>> PSH约束违反达标! (0 < 7)

======================================================================
训练轮次 134/200
======================================================================
平均奖励: 9.3434
电压越限次数: 18
PSH约束违反: 0
PSH动作: 保持=68, 发电=226, 抽水=193, 停止=185
PSH上水库SOC: 0.148 (范围: 0.132-0.661)
电压范围: [0.9472, 1.0468]
Actor损失: -0.002782
Critic损失: 0.839962
>>> PSH约束违反达标! (0 < 7)

======================================================================
训练轮次 135/200
======================================================================
平均奖励: 8.7223
电压越限次数: 34
PSH约束违反: 0
PSH动作: 保持=73, 发电=216, 抽水=206, 停止=177
PSH上水库SOC: 0.326 (范围: 0.080-0.757)
电压范围: [0.9468, 1.0466]
Actor损失: 0.001860
Critic损失: 0.876835
>>> PSH约束违反达标! (0 < 7)

======================================================================
训练轮次 136/200
======================================================================
平均奖励: 8.9694
电压越限次数: 16
PSH约束违反: 0
PSH动作: 保持=61, 发电=191, 抽水=212, 停止=208
PSH上水库SOC: 0.528 (范围: 0.446-0.729)
电压范围: [0.9461, 1.0465]
Actor损失: 0.005105
Critic损失: 0.908976
>>> PSH约束违反达标! (0 < 7)

======================================================================
训练轮次 137/200
======================================================================
平均奖励: 8.7327
电压越限次数: 22
PSH约束违反: 0
PSH动作: 保持=75, 发电=211, 抽水=205, 停止=181
PSH上水库SOC: 0.299 (范围: 0.052-0.661)
电压范围: [0.9467, 1.0465]
Actor损失: -0.003893
Critic损失: 0.803559
>>> PSH约束违反达标! (0 < 7)

======================================================================
训练轮次 138/200
======================================================================
平均奖励: 9.5844
电压越限次数: 39
PSH约束违反: 0
PSH动作: 保持=79, 发电=213, 抽水=210, 停止=170
PSH上水库SOC: 0.040 (范围: 0.000-0.534)
电压范围: [0.9467, 1.0468]
Actor损失: 0.001903
Critic损失: 0.826838
>>> PSH约束违反达标! (0 < 7)

======================================================================
训练轮次 139/200
======================================================================
平均奖励: 8.8931
电压越限次数: 24
PSH约束违反: 0
PSH动作: 保持=63, 发电=218, 抽水=202, 停止=189
PSH上水库SOC: 0.577 (范围: 0.260-0.823)
电压范围: [0.9465, 1.0466]
Actor损失: -0.002954
Critic损失: 0.829950
>>> PSH约束违反达标! (0 < 7)

======================================================================
训练轮次 140/200
======================================================================
平均奖励: 8.7834
电压越限次数: 21
PSH约束违反: 0
PSH动作: 保持=75, 发电=222, 抽水=213, 停止=162
PSH上水库SOC: 0.595 (范围: 0.140-0.618)
电压范围: [0.9460, 1.0465]
Actor损失: -0.006633
Critic损失: 0.903483
>>> PSH约束违反达标! (0 < 7)

>>> 第 140 轮评估平均奖励: 9.9941
>>> 未改进 (8/30)

======================================================================
训练轮次 141/200
======================================================================
平均奖励: 9.2685
电压越限次数: 20
PSH约束违反: 0
PSH动作: 保持=74, 发电=231, 抽水=196, 停止=171
PSH上水库SOC: 0.661 (范围: 0.292-0.893)
电压范围: [0.9464, 1.0464]
Actor损失: -0.004879
Critic损失: 0.850865
>>> PSH约束违反达标! (0 < 7)

======================================================================
训练轮次 142/200
======================================================================
平均奖励: 8.5263
电压越限次数: 38
PSH约束违反: 0
PSH动作: 保持=79, 发电=211, 抽水=217, 停止=165
PSH上水库SOC: 0.364 (范围: 0.164-0.624)
电压范围: [0.9456, 1.0466]
Actor损失: -0.002435
Critic损失: 0.706295
>>> PSH约束违反达标! (0 < 7)

======================================================================
训练轮次 143/200
======================================================================
平均奖励: 8.7410
电压越限次数: 24
PSH约束违反: 0
PSH动作: 保持=74, 发电=178, 抽水=235, 停止=185
PSH上水库SOC: 0.331 (范围: 0.120-0.655)
电压范围: [0.9469, 1.0464]
Actor损失: 0.006358
Critic损失: 0.865415
>>> PSH约束违反达标! (0 < 7)

======================================================================
训练轮次 144/200
======================================================================
平均奖励: 9.6421
电压越限次数: 39
PSH约束违反: 0
PSH动作: 保持=67, 发电=186, 抽水=253, 停止=166
PSH上水库SOC: 0.536 (范围: 0.079-0.584)
电压范围: [0.9455, 1.0465]
Actor损失: -0.007208
Critic损失: 0.747244
>>> PSH约束违反达标! (0 < 7)

======================================================================
训练轮次 145/200
======================================================================
平均奖励: 8.5912
电压越限次数: 41
PSH约束违反: 0
PSH动作: 保持=90, 发电=194, 抽水=220, 停止=168
PSH上水库SOC: 0.396 (范围: 0.126-0.798)
电压范围: [0.9453, 1.0466]
Actor损失: 0.003858
Critic损失: 0.866837
>>> PSH约束违反达标! (0 < 7)

======================================================================
训练轮次 146/200
======================================================================
平均奖励: 8.5825
电压越限次数: 40
PSH约束违反: 0
PSH动作: 保持=80, 发电=185, 抽水=224, 停止=183
PSH上水库SOC: 0.333 (范围: 0.018-0.500)
电压范围: [0.9466, 1.0464]
Actor损失: -0.002976
Critic损失: 0.744242
>>> PSH约束违反达标! (0 < 7)

======================================================================
训练轮次 147/200
======================================================================
平均奖励: 9.6230
电压越限次数: 30
PSH约束违反: 0
PSH动作: 保持=62, 发电=217, 抽水=205, 停止=188
PSH上水库SOC: 0.069 (范围: 0.043-0.661)
电压范围: [0.9456, 1.0465]
Actor损失: 0.004640
Critic损失: 0.817544
>>> PSH约束违反达标! (0 < 7)

======================================================================
训练轮次 148/200
======================================================================
平均奖励: 8.7759
电压越限次数: 26
PSH约束违反: 0
PSH动作: 保持=75, 发电=200, 抽水=233, 停止=164
PSH上水库SOC: 0.420 (范围: 0.403-0.729)
电压范围: [0.9465, 1.0467]
Actor损失: 0.003401
Critic损失: 0.838813
>>> PSH约束违反达标! (0 < 7)

======================================================================
训练轮次 149/200
======================================================================
平均奖励: 8.9515
电压越限次数: 38
PSH约束违反: 0
PSH动作: 保持=62, 发电=215, 抽水=220, 停止=175
PSH上水库SOC: 0.178 (范围: 0.115-0.519)
电压范围: [0.9460, 1.0465]
Actor损失: 0.002101
Critic损失: 0.840224
>>> PSH约束违反达标! (0 < 7)

======================================================================
训练轮次 150/200
======================================================================
平均奖励: 8.6530
电压越限次数: 36
PSH约束违反: 0
PSH动作: 保持=76, 发电=212, 抽水=231, 停止=153
PSH上水库SOC: 0.273 (范围: 0.000-0.537)
电压范围: [0.9459, 1.0465]
Actor损失: -0.002375
Critic损失: 0.808841
>>> PSH约束违反达标! (0 < 7)

>>> 第 150 轮评估平均奖励: 9.9757
>>> 未改进 (9/30)

======================================================================
训练轮次 151/200
======================================================================
平均奖励: 8.7887
电压越限次数: 43
PSH约束违反: 0
PSH动作: 保持=63, 发电=213, 抽水=235, 停止=161
PSH上水库SOC: 0.322 (范围: 0.065-0.702)
电压范围: [0.9468, 1.0470]
Actor损失: 0.004015
Critic损失: 0.789692
>>> PSH约束违反达标! (0 < 7)

======================================================================
训练轮次 152/200
======================================================================
平均奖励: 9.6030
电压越限次数: 50
PSH约束违反: 0
PSH动作: 保持=71, 发电=193, 抽水=230, 停止=178
PSH上水库SOC: 0.435 (范围: 0.191-0.742)
电压范围: [0.9459, 1.0466]
Actor损失: -0.000828
Critic损失: 0.788273
>>> PSH约束违反达标! (0 < 7)

======================================================================
训练轮次 153/200
======================================================================
平均奖励: 8.8392
电压越限次数: 50
PSH约束违反: 0
PSH动作: 保持=77, 发电=221, 抽水=209, 停止=165
PSH上水库SOC: 0.188 (范围: 0.000-0.467)
电压范围: [0.9459, 1.0465]
Actor损失: -0.004156
Critic损失: 0.729053
>>> PSH约束违反达标! (0 < 7)

======================================================================
训练轮次 154/200
======================================================================
平均奖励: 9.2480
电压越限次数: 47
PSH约束违反: 0
PSH动作: 保持=57, 发电=197, 抽水=219, 停止=199
PSH上水库SOC: 0.352 (范围: 0.036-0.500)
电压范围: [0.9462, 1.0466]
Actor损失: 0.001866
Critic损失: 0.798798
>>> PSH约束违反达标! (0 < 7)

======================================================================
训练轮次 155/200
======================================================================
平均奖励: 8.9833
电压越限次数: 25
PSH约束违反: 0
PSH动作: 保持=71, 发电=215, 抽水=208, 停止=178
PSH上水库SOC: 0.170 (范围: 0.093-0.571)
电压范围: [0.9460, 1.0466]
Actor损失: -0.001632
Critic损失: 0.921310
>>> PSH约束违反达标! (0 < 7)

======================================================================
训练轮次 156/200
======================================================================
平均奖励: 9.7723
电压越限次数: 20
PSH约束违反: 0
PSH动作: 保持=67, 发电=202, 抽水=230, 停止=173
PSH上水库SOC: 0.121 (范围: 0.031-0.448)
电压范围: [0.9465, 1.0471]
Actor损失: -0.003114
Critic损失: 0.917130
>>> PSH约束违反达标! (0 < 7)

======================================================================
训练轮次 157/200
======================================================================
平均奖励: 8.8729
电压越限次数: 24
PSH约束违反: 0
PSH动作: 保持=63, 发电=210, 抽水=215, 停止=184
PSH上水库SOC: 0.269 (范围: 0.068-0.500)
电压范围: [0.9464, 1.0465]
Actor损失: 0.000769
Critic损失: 0.838913
>>> PSH约束违反达标! (0 < 7)

======================================================================
训练轮次 158/200
======================================================================
平均奖励: 8.8797
电压越限次数: 36
PSH约束违反: 0
PSH动作: 保持=58, 发电=217, 抽水=225, 停止=172
PSH上水库SOC: 0.398 (范围: 0.235-0.702)
电压范围: [0.9457, 1.0466]
Actor损失: 0.006049
Critic损失: 0.819551
>>> PSH约束违反达标! (0 < 7)

======================================================================
训练轮次 159/200
======================================================================
平均奖励: 9.0516
电压越限次数: 18
PSH约束违反: 0
PSH动作: 保持=53, 发电=194, 抽水=235, 停止=190
PSH上水库SOC: 0.497 (范围: 0.292-0.816)
电压范围: [0.9468, 1.0466]
Actor损失: 0.002343
Critic损失: 0.949746
>>> PSH约束违反达标! (0 < 7)

======================================================================
训练轮次 160/200
======================================================================
平均奖励: 9.2019
电压越限次数: 32
PSH约束违反: 0
PSH动作: 保持=69, 发电=190, 抽水=225, 停止=188
PSH上水库SOC: 0.544 (范围: 0.339-0.823)
电压范围: [0.9458, 1.0465]
Actor损失: -0.002600
Critic损失: 0.860787
>>> PSH约束违反达标! (0 < 7)

>>> 第 160 轮评估平均奖励: 9.9775
>>> 未改进 (10/30)

======================================================================
训练轮次 161/200
======================================================================
平均奖励: 8.9957
电压越限次数: 22
PSH约束违反: 0
PSH动作: 保持=56, 发电=206, 抽水=231, 停止=179
PSH上水库SOC: 0.308 (范围: 0.292-0.735)
电压范围: [0.9465, 1.0466]
Actor损失: -0.002480
Critic损失: 0.820956
>>> PSH约束违反达标! (0 < 7)
警告: 优势中有NaN或Inf，跳过本次更新

======================================================================
训练轮次 162/200
======================================================================
平均奖励: 8.8160
电压越限次数: 32
PSH约束违反: 0
PSH动作: 保持=66, 发电=195, 抽水=229, 停止=182
PSH上水库SOC: 0.386 (范围: 0.140-0.658)
电压范围: [0.9464, 1.0463]
Actor损失: -0.002480
Critic损失: 0.820956
>>> PSH约束违反达标! (0 < 7)

======================================================================
训练轮次 163/200
======================================================================
平均奖励: 9.3559
电压越限次数: 36
PSH约束违反: 0
PSH动作: 保持=51, 发电=196, 抽水=245, 停止=180
PSH上水库SOC: 0.504 (范围: 0.292-0.776)
电压范围: [0.9465, 1.0470]
Actor损失: 0.005149
Critic损失: 0.843825
>>> PSH约束违反达标! (0 < 7)

======================================================================
训练轮次 164/200
======================================================================
平均奖励: 9.2681
电压越限次数: 19
PSH约束违反: 0
PSH动作: 保持=41, 发电=196, 抽水=238, 停止=197
PSH上水库SOC: 0.434 (范围: 0.418-0.940)
电压范围: [0.9462, 1.0464]
Actor损失: 0.002046
Critic损失: 0.873834
>>> PSH约束违反达标! (0 < 7)

======================================================================
训练轮次 165/200
======================================================================
平均奖励: 8.9812
电压越限次数: 28
PSH约束违反: 0
PSH动作: 保持=62, 发电=195, 抽水=229, 停止=186
PSH上水库SOC: 0.189 (范围: 0.134-0.550)
电压范围: [0.9457, 1.0465]
Actor损失: -0.001585
Critic损失: 0.818194
>>> PSH约束违反达标! (0 < 7)

======================================================================
训练轮次 166/200
======================================================================
平均奖励: 8.9669
电压越限次数: 40
PSH约束违反: 0
PSH动作: 保持=53, 发电=175, 抽水=247, 停止=197
PSH上水库SOC: 0.290 (范围: 0.087-0.500)
电压范围: [0.9457, 1.0465]
Actor损失: -0.002527
Critic损失: 0.784871
>>> PSH约束违反达标! (0 < 7)

======================================================================
训练轮次 167/200
======================================================================
平均奖励: 8.9727
电压越限次数: 38
PSH约束违反: 0
PSH动作: 保持=58, 发电=189, 抽水=236, 停止=189
PSH上水库SOC: 0.347 (范围: 0.050-0.613)
电压范围: [0.9461, 1.0465]
Actor损失: -0.001711
Critic损失: 0.801996
>>> PSH约束违反达标! (0 < 7)
警告: 优势中有NaN或Inf，跳过本次更新

======================================================================
训练轮次 168/200
======================================================================
平均奖励: 8.9879
电压越限次数: 29
PSH约束违反: 0
PSH动作: 保持=50, 发电=198, 抽水=245, 停止=179
PSH上水库SOC: 0.376 (范围: 0.166-0.683)
电压范围: [0.9464, 1.0463]
Actor损失: -0.001711
Critic损失: 0.801996
>>> PSH约束违反达标! (0 < 7)

======================================================================
训练轮次 169/200
======================================================================
平均奖励: 9.0879
电压越限次数: 23
PSH约束违反: 0
PSH动作: 保持=50, 发电=193, 抽水=248, 停止=181
PSH上水库SOC: 0.489 (范围: 0.468-0.823)
电压范围: [0.9465, 1.0465]
Actor损失: -0.002292
Critic损失: 0.844179
>>> PSH约束违反达标! (0 < 7)

======================================================================
训练轮次 170/200
======================================================================
平均奖励: 9.7639
电压越限次数: 32
PSH约束违反: 0
PSH动作: 保持=49, 发电=200, 抽水=256, 停止=167
PSH上水库SOC: 0.589 (范围: 0.376-0.695)
电压范围: [0.9456, 1.0466]
Actor损失: -0.002247
Critic损失: 0.838255
>>> PSH约束违反达标! (0 < 7)

>>> 第 170 轮评估平均奖励: 9.9755
>>> 未改进 (11/30)

======================================================================
训练轮次 171/200
======================================================================
平均奖励: 8.9009
电压越限次数: 22
PSH约束违反: 0
PSH动作: 保持=62, 发电=217, 抽水=222, 停止=171
PSH上水库SOC: 0.456 (范围: 0.248-0.742)
电压范围: [0.9458, 1.0459]
Actor损失: 0.000908
Critic损失: 0.891260
>>> PSH约束违反达标! (0 < 7)

======================================================================
训练轮次 172/200
======================================================================
平均奖励: 9.0249
电压越限次数: 27
PSH约束违反: 0
PSH动作: 保持=52, 发电=208, 抽水=226, 停止=186
PSH上水库SOC: 0.395 (范围: 0.198-0.661)
电压范围: [0.9460, 1.0464]
Actor损失: -0.002818
Critic损失: 0.815192
>>> PSH约束违反达标! (0 < 7)

======================================================================
训练轮次 173/200
======================================================================
平均奖励: 9.0243
电压越限次数: 46
PSH约束违反: 0
PSH动作: 保持=52, 发电=218, 抽水=242, 停止=160
PSH上水库SOC: 0.289 (范围: 0.070-0.661)
电压范围: [0.9459, 1.0466]
Actor损失: 0.000312
Critic损失: 0.766203
>>> PSH约束违反达标! (0 < 7)

======================================================================
训练轮次 174/200
======================================================================
平均奖励: 8.9880
电压越限次数: 21
PSH约束违反: 0
PSH动作: 保持=58, 发电=210, 抽水=213, 停止=191
PSH上水库SOC: 0.416 (范围: 0.208-0.683)
电压范围: [0.9458, 1.0464]
Actor损失: -0.000315
Critic损失: 0.875096
>>> PSH约束违反达标! (0 < 7)

======================================================================
训练轮次 175/200
======================================================================
平均奖励: 8.8077
电压越限次数: 34
PSH约束违反: 0
PSH动作: 保持=64, 发电=200, 抽水=235, 停止=173
PSH上水库SOC: 0.428 (范围: 0.211-0.742)
电压范围: [0.9464, 1.0465]
Actor损失: 0.007627
Critic损失: 0.872992
>>> PSH约束违反达标! (0 < 7)

======================================================================
训练轮次 176/200
======================================================================
平均奖励: 9.1725
电压越限次数: 57
PSH约束违反: 0
PSH动作: 保持=64, 发电=212, 抽水=236, 停止=160
PSH上水库SOC: 0.262 (范围: 0.000-0.661)
电压范围: [0.9464, 1.0468]
Actor损失: -0.000556
Critic损失: 0.692860
>>> PSH约束违反达标! (0 < 7)

======================================================================
训练轮次 177/200
======================================================================
平均奖励: 8.8212
电压越限次数: 44
PSH约束违反: 0
PSH动作: 保持=65, 发电=213, 抽水=233, 停止=161
PSH上水库SOC: 0.250 (范围: 0.040-0.598)
电压范围: [0.9466, 1.0468]
Actor损失: 0.004743
Critic损失: 0.702399
>>> PSH约束违反达标! (0 < 7)

======================================================================
训练轮次 178/200
======================================================================
平均奖励: 9.6440
电压越限次数: 31
PSH约束违反: 0
PSH动作: 保持=45, 发电=239, 抽水=219, 停止=169
PSH上水库SOC: 0.548 (范围: 0.000-0.573)
电压范围: [0.9456, 1.0460]
Actor损失: 0.001503
Critic损失: 0.865108
>>> PSH约束违反达标! (0 < 7)

======================================================================
训练轮次 179/200
======================================================================
平均奖励: 9.3571
电压越限次数: 41
PSH约束违反: 0
PSH动作: 保持=51, 发电=227, 抽水=218, 停止=176
PSH上水库SOC: 0.439 (范围: 0.112-0.782)
电压范围: [0.9463, 1.0466]
Actor损失: -0.000345
Critic损失: 0.875230
>>> PSH约束违反达标! (0 < 7)

======================================================================
训练轮次 180/200
======================================================================
平均奖励: 9.4872
电压越限次数: 21
PSH约束违反: 0
PSH动作: 保持=46, 发电=223, 抽水=237, 停止=166
PSH上水库SOC: 0.667 (范围: 0.441-0.764)
电压范围: [0.9466, 1.0465]
Actor损失: -0.003004
Critic损失: 0.912071
>>> PSH约束违反达标! (0 < 7)

>>> 第 180 轮评估平均奖励: 9.9755
>>> 未改进 (12/30)

======================================================================
训练轮次 181/200
======================================================================
平均奖励: 9.5656
电压越限次数: 46
PSH约束违反: 0
PSH动作: 保持=46, 发电=232, 抽水=216, 停止=178
PSH上水库SOC: 0.164 (范围: 0.048-0.702)
电压范围: [0.9457, 1.0466]
Actor损失: -0.007801
Critic损失: 0.828417
>>> PSH约束违反达标! (0 < 7)

======================================================================
训练轮次 182/200
======================================================================
平均奖励: 9.7211
电压越限次数: 22
PSH约束违反: 0
PSH动作: 保持=48, 发电=212, 抽水=217, 停止=195
PSH上水库SOC: 0.656 (范围: 0.000-0.679)
电压范围: [0.9467, 1.0464]
Actor损失: 0.002686
Critic损失: 0.997053
>>> PSH约束违反达标! (0 < 7)

======================================================================
训练轮次 183/200
======================================================================
平均奖励: 9.6834
电压越限次数: 29
PSH约束违反: 0
PSH动作: 保持=48, 发电=224, 抽水=225, 停止=175
PSH上水库SOC: 0.129 (范围: 0.099-0.661)
电压范围: [0.9467, 1.0465]
Actor损失: 0.005158
Critic损失: 0.923733
>>> PSH约束违反达标! (0 < 7)

======================================================================
训练轮次 184/200
======================================================================
平均奖励: 8.9963
电压越限次数: 34
PSH约束违反: 0
PSH动作: 保持=58, 发电=212, 抽水=232, 停止=170
PSH上水库SOC: 0.444 (范围: 0.093-0.658)
电压范围: [0.9461, 1.0466]
Actor损失: 0.000323
Critic损失: 0.901657
>>> PSH约束违反达标! (0 < 7)

======================================================================
训练轮次 185/200
======================================================================
平均奖励: 9.3993
电压越限次数: 27
PSH约束违反: 0
PSH动作: 保持=57, 发电=193, 抽水=260, 停止=162
PSH上水库SOC: 0.584 (范围: 0.134-0.702)
电压范围: [0.9461, 1.0461]
Actor损失: -0.002538
Critic损失: 0.927655
>>> PSH约束违反达标! (0 < 7)
警告: 优势中有NaN或Inf，跳过本次更新

======================================================================
训练轮次 186/200
======================================================================
平均奖励: 8.8508
电压越限次数: 43
PSH约束违反: 0
PSH动作: 保持=60, 发电=203, 抽水=233, 停止=176
PSH上水库SOC: 0.272 (范围: 0.084-0.742)
电压范围: [0.9466, 1.0467]
Actor损失: -0.002538
Critic损失: 0.927655
>>> PSH约束违反达标! (0 < 7)

======================================================================
训练轮次 187/200
======================================================================
平均奖励: 9.5148
电压越限次数: 46
PSH约束违反: 0
PSH动作: 保持=55, 发电=237, 抽水=217, 停止=163
PSH上水库SOC: 0.064 (范围: 0.000-0.742)
电压范围: [0.9466, 1.0471]
Actor损失: -0.004681
Critic损失: 0.789761
>>> PSH约束违反达标! (0 < 7)

======================================================================
训练轮次 188/200
======================================================================
平均奖励: 9.2260
电压越限次数: 30
PSH约束违反: 0
PSH动作: 保持=51, 发电=236, 抽水=206, 停止=179
PSH上水库SOC: 0.171 (范围: 0.147-0.584)
电压范围: [0.9463, 1.0463]
Actor损失: -0.002114
Critic损失: 0.863832
>>> PSH约束违反达标! (0 < 7)

======================================================================
训练轮次 189/200
======================================================================
平均奖励: 9.1851
电压越限次数: 27
PSH约束违反: 0
PSH动作: 保持=44, 发电=213, 抽水=239, 停止=176
PSH上水库SOC: 0.324 (范围: 0.000-0.688)
电压范围: [0.9466, 1.0468]
Actor损失: 0.004101
Critic损失: 0.917341
>>> PSH约束违反达标! (0 < 7)

======================================================================
训练轮次 190/200
======================================================================
平均奖励: 9.7790
电压越限次数: 20
PSH约束违反: 0
PSH动作: 保持=46, 发电=211, 抽水=237, 停止=178
PSH上水库SOC: 0.123 (范围: 0.109-0.572)
电压范围: [0.9457, 1.0466]
Actor损失: 0.000727
Critic损失: 0.955913
>>> PSH约束违反达标! (0 < 7)

>>> 第 190 轮评估平均奖励: 9.9717
>>> 未改进 (13/30)

======================================================================
训练轮次 191/200
======================================================================
平均奖励: 8.9391
电压越限次数: 22
PSH约束违反: 0
PSH动作: 保持=58, 发电=233, 抽水=224, 停止=157
PSH上水库SOC: 0.263 (范围: 0.208-0.776)
电压范围: [0.9468, 1.0469]
Actor损失: -0.004055
Critic损失: 0.930394
>>> PSH约束违反达标! (0 < 7)

======================================================================
训练轮次 192/200
======================================================================
平均奖励: 9.0850
电压越限次数: 23
PSH约束违反: 0
PSH动作: 保持=51, 发电=208, 抽水=239, 停止=174
PSH上水库SOC: 0.580 (范围: 0.285-0.641)
电压范围: [0.9467, 1.0466]
Actor损失: -0.000270
Critic损失: 0.885439
>>> PSH约束违反达标! (0 < 7)

======================================================================
训练轮次 193/200
======================================================================
平均奖励: 9.1866
电压越限次数: 26
PSH约束违反: 0
PSH动作: 保持=40, 发电=235, 抽水=238, 停止=159
PSH上水库SOC: 0.399 (范围: 0.127-0.661)
电压范围: [0.9460, 1.0466]
Actor损失: 0.003678
Critic损失: 0.901869
>>> PSH约束违反达标! (0 < 7)

======================================================================
训练轮次 194/200
======================================================================
平均奖励: 8.7994
电压越限次数: 35
PSH约束违反: 0
PSH动作: 保持=63, 发电=238, 抽水=220, 停止=151
PSH上水库SOC: 0.225 (范围: 0.193-0.724)
电压范围: [0.9457, 1.0464]
Actor损失: -0.003446
Critic损失: 0.806343
>>> PSH约束违反达标! (0 < 7)
警告: 优势中有NaN或Inf，跳过本次更新

======================================================================
训练轮次 195/200
======================================================================
平均奖励: 9.5533
电压越限次数: 27
PSH约束违反: 0
PSH动作: 保持=36, 发电=221, 抽水=230, 停止=185
PSH上水库SOC: 0.179 (范围: 0.131-0.823)
电压范围: [0.9466, 1.0467]
Actor损失: -0.003446
Critic损失: 0.806343
>>> PSH约束违反达标! (0 < 7)

======================================================================
训练轮次 196/200
======================================================================
平均奖励: 9.2279
电压越限次数: 26
PSH约束违反: 0
PSH动作: 保持=44, 发电=235, 抽水=226, 停止=167
PSH上水库SOC: 0.249 (范围: 0.036-0.661)
电压范围: [0.9469, 1.0468]
Actor损失: -0.001986
Critic损失: 0.817717
>>> PSH约束违反达标! (0 < 7)

======================================================================
训练轮次 197/200
======================================================================
平均奖励: 9.0584
电压越限次数: 34
PSH约束违反: 0
PSH动作: 保持=44, 发电=219, 抽水=252, 停止=157
PSH上水库SOC: 0.318 (范围: 0.174-0.537)
电压范围: [0.9466, 1.0468]
Actor损失: -0.001680
Critic损失: 0.830770
>>> PSH约束违反达标! (0 < 7)

======================================================================
训练轮次 198/200
======================================================================
平均奖励: 9.2794
电压越限次数: 19
PSH约束违反: 0
PSH动作: 保持=36, 发电=227, 抽水=245, 停止=164/mnt/okcomputer/output/4.9.2/algorithms/ppo.py:917: UserWarning: Glyph 35757 (\N{CJK UNIFIED IDEOGRAPH-8BAD}) missing from font(s) DejaVu Sans.
  plt.tight_layout()
/mnt/okcomputer/output/4.9.2/algorithms/ppo.py:917: UserWarning: Glyph 32451 (\N{CJK UNIFIED IDEOGRAPH-7EC3}) missing from font(s) DejaVu Sans.
  plt.tight_layout()
/mnt/okcomputer/output/4.9.2/algorithms/ppo.py:917: UserWarning: Glyph 36718 (\N{CJK UNIFIED IDEOGRAPH-8F6E}) missing from font(s) DejaVu Sans.
  plt.tight_layout()
/mnt/okcomputer/output/4.9.2/algorithms/ppo.py:917: UserWarning: Glyph 27425 (\N{CJK UNIFIED IDEOGRAPH-6B21}) missing from font(s) DejaVu Sans.
  plt.tight_layout()
/mnt/okcomputer/output/4.9.2/algorithms/ppo.py:917: UserWarning: Glyph 24179 (\N{CJK UNIFIED IDEOGRAPH-5E73}) missing from font(s) DejaVu Sans.
  plt.tight_layout()
/mnt/okcomputer/output/4.9.2/algorithms/ppo.py:917: UserWarning: Glyph 22343 (\N{CJK UNIFIED IDEOGRAPH-5747}) missing from font(s) DejaVu Sans.
  plt.tight_layout()
/mnt/okcomputer/output/4.9.2/algorithms/ppo.py:917: UserWarning: Glyph 22870 (\N{CJK UNIFIED IDEOGRAPH-5956}) missing from font(s) DejaVu Sans.
  plt.tight_layout()
/mnt/okcomputer/output/4.9.2/algorithms/ppo.py:917: UserWarning: Glyph 21169 (\N{CJK UNIFIED IDEOGRAPH-52B1}) missing from font(s) DejaVu Sans.
  plt.tight_layout()
/mnt/okcomputer/output/4.9.2/algorithms/ppo.py:917: UserWarning: Glyph 27599 (\N{CJK UNIFIED IDEOGRAPH-6BCF}) missing from font(s) DejaVu Sans.
  plt.tight_layout()
/mnt/okcomputer/output/4.9.2/algorithms/ppo.py:917: UserWarning: Glyph 21407 (\N{CJK UNIFIED IDEOGRAPH-539F}) missing from font(s) DejaVu Sans.
  plt.tight_layout()
/mnt/okcomputer/output/4.9.2/algorithms/ppo.py:917: UserWarning: Glyph 22987 (\N{CJK UNIFIED IDEOGRAPH-59CB}) missing from font(s) DejaVu Sans.
  plt.tight_layout()
/mnt/okcomputer/output/4.9.2/algorithms/ppo.py:917: UserWarning: Glyph 35780 (\N{CJK UNIFIED IDEOGRAPH-8BC4}) missing from font(s) DejaVu Sans.
  plt.tight_layout()
/mnt/okcomputer/output/4.9.2/algorithms/ppo.py:917: UserWarning: Glyph 20272 (\N{CJK UNIFIED IDEOGRAPH-4F30}) missing from font(s) DejaVu Sans.
  plt.tight_layout()
/mnt/okcomputer/output/4.9.2/algorithms/ppo.py:917: UserWarning: Glyph 36234 (\N{CJK UNIFIED IDEOGRAPH-8D8A}) missing from font(s) DejaVu Sans.
  plt.tight_layout()
/mnt/okcomputer/output/4.9.2/algorithms/ppo.py:917: UserWarning: Glyph 38480 (\N{CJK UNIFIED IDEOGRAPH-9650}) missing from font(s) DejaVu Sans.
  plt.tight_layout()
/mnt/okcomputer/output/4.9.2/algorithms/ppo.py:917: UserWarning: Glyph 25968 (\N{CJK UNIFIED IDEOGRAPH-6570}) missing from font(s) DejaVu Sans.
  plt.tight_layout()
/mnt/okcomputer/output/4.9.2/algorithms/ppo.py:917: UserWarning: Glyph 30005 (\N{CJK UNIFIED IDEOGRAPH-7535}) missing from font(s) DejaVu Sans.
  plt.tight_layout()
/mnt/okcomputer/output/4.9.2/algorithms/ppo.py:917: UserWarning: Glyph 21387 (\N{CJK UNIFIED IDEOGRAPH-538B}) missing from font(s) DejaVu Sans.
  plt.tight_layout()
/mnt/okcomputer/output/4.9.2/algorithms/ppo.py:917: UserWarning: Glyph 36829 (\N{CJK UNIFIED IDEOGRAPH-8FDD}) missing from font(s) DejaVu Sans.
  plt.tight_layout()
/mnt/okcomputer/output/4.9.2/algorithms/ppo.py:917: UserWarning: Glyph 21453 (\N{CJK UNIFIED IDEOGRAPH-53CD}) missing from font(s) DejaVu Sans.
  plt.tight_layout()
/mnt/okcomputer/output/4.9.2/algorithms/ppo.py:917: UserWarning: Glyph 32422 (\N{CJK UNIFIED IDEOGRAPH-7EA6}) missing from font(s) DejaVu Sans.
  plt.tight_layout()
/mnt/okcomputer/output/4.9.2/algorithms/ppo.py:917: UserWarning: Glyph 26463 (\N{CJK UNIFIED IDEOGRAPH-675F}) missing from font(s) DejaVu Sans.
  plt.tight_layout()
/mnt/okcomputer/output/4.9.2/algorithms/ppo.py:917: UserWarning: Glyph 30446 (\N{CJK UNIFIED IDEOGRAPH-76EE}) missing from font(s) DejaVu Sans.
  plt.tight_layout()
/mnt/okcomputer/output/4.9.2/algorithms/ppo.py:917: UserWarning: Glyph 26631 (\N{CJK UNIFIED IDEOGRAPH-6807}) missing from font(s) DejaVu Sans.
  plt.tight_layout()
/mnt/okcomputer/output/4.9.2/algorithms/ppo.py:917: UserWarning: Glyph 25439 (\N{CJK UNIFIED IDEOGRAPH-635F}) missing from font(s) DejaVu Sans.
  plt.tight_layout()
/mnt/okcomputer/output/4.9.2/algorithms/ppo.py:917: UserWarning: Glyph 22833 (\N{CJK UNIFIED IDEOGRAPH-5931}) missing from font(s) DejaVu Sans.
  plt.tight_layout()
/mnt/okcomputer/output/4.9.2/algorithms/ppo.py:917: UserWarning: Glyph 20540 (\N{CJK UNIFIED IDEOGRAPH-503C}) missing from font(s) DejaVu Sans.
  plt.tight_layout()
/mnt/okcomputer/output/4.9.2/algorithms/ppo.py:917: UserWarning: Glyph 24635 (\N{CJK UNIFIED IDEOGRAPH-603B}) missing from font(s) DejaVu Sans.
  plt.tight_layout()
/mnt/okcomputer/output/4.9.2/algorithms/ppo.py:917: UserWarning: Glyph 29109 (\N{CJK UNIFIED IDEOGRAPH-71B5}) missing from font(s) DejaVu Sans.
  plt.tight_layout()
/mnt/okcomputer/output/4.9.2/algorithms/ppo.py:917: UserWarning: Glyph 39057 (\N{CJK UNIFIED IDEOGRAPH-9891}) missing from font(s) DejaVu Sans.
  plt.tight_layout()
/mnt/okcomputer/output/4.9.2/algorithms/ppo.py:917: UserWarning: Glyph 20998 (\N{CJK UNIFIED IDEOGRAPH-5206}) missing from font(s) DejaVu Sans.
  plt.tight_layout()
/mnt/okcomputer/output/4.9.2/algorithms/ppo.py:917: UserWarning: Glyph 24067 (\N{CJK UNIFIED IDEOGRAPH-5E03}) missing from font(s) DejaVu Sans.
  plt.tight_layout()
/mnt/okcomputer/output/4.9.2/algorithms/ppo.py:918: UserWarning: Glyph 24179 (\N{CJK UNIFIED IDEOGRAPH-5E73}) missing from font(s) DejaVu Sans.
  plt.savefig(self.plot_save_path, dpi=150, bbox_inches='tight')
/mnt/okcomputer/output/4.9.2/algorithms/ppo.py:918: UserWarning: Glyph 22343 (\N{CJK UNIFIED IDEOGRAPH-5747}) missing from font(s) DejaVu Sans.
  plt.savefig(self.plot_save_path, dpi=150, bbox_inches='tight')
/mnt/okcomputer/output/4.9.2/algorithms/ppo.py:918: UserWarning: Glyph 22870 (\N{CJK UNIFIED IDEOGRAPH-5956}) missing from font(s) DejaVu Sans.
  plt.savefig(self.plot_save_path, dpi=150, bbox_inches='tight')
/mnt/okcomputer/output/4.9.2/algorithms/ppo.py:918: UserWarning: Glyph 21169 (\N{CJK UNIFIED IDEOGRAPH-52B1}) missing from font(s) DejaVu Sans.
  plt.savefig(self.plot_save_path, dpi=150, bbox_inches='tight')
/mnt/okcomputer/output/4.9.2/algorithms/ppo.py:918: UserWarning: Glyph 27599 (\N{CJK UNIFIED IDEOGRAPH-6BCF}) missing from font(s) DejaVu Sans.
  plt.savefig(self.plot_save_path, dpi=150, bbox_inches='tight')
/mnt/okcomputer/output/4.9.2/algorithms/ppo.py:918: UserWarning: Glyph 36718 (\N{CJK UNIFIED IDEOGRAPH-8F6E}) missing from font(s) DejaVu Sans.
  plt.savefig(self.plot_save_path, dpi=150, bbox_inches='tight')
/mnt/okcomputer/output/4.9.2/algorithms/ppo.py:918: UserWarning: Glyph 35757 (\N{CJK UNIFIED IDEOGRAPH-8BAD}) missing from font(s) DejaVu Sans.
  plt.savefig(self.plot_save_path, dpi=150, bbox_inches='tight')
/mnt/okcomputer/output/4.9.2/algorithms/ppo.py:918: UserWarning: Glyph 32451 (\N{CJK UNIFIED IDEOGRAPH-7EC3}) missing from font(s) DejaVu Sans.
  plt.savefig(self.plot_save_path, dpi=150, bbox_inches='tight')
/mnt/okcomputer/output/4.9.2/algorithms/ppo.py:918: UserWarning: Glyph 27425 (\N{CJK UNIFIED IDEOGRAPH-6B21}) missing from font(s) DejaVu Sans.
  plt.savefig(self.plot_save_path, dpi=150, bbox_inches='tight')
/mnt/okcomputer/output/4.9.2/algorithms/ppo.py:918: UserWarning: Glyph 21407 (\N{CJK UNIFIED IDEOGRAPH-539F}) missing from font(s) DejaVu Sans.
  plt.savefig(self.plot_save_path, dpi=150, bbox_inches='tight')
/mnt/okcomputer/output/4.9.2/algorithms/ppo.py:918: UserWarning: Glyph 22987 (\N{CJK UNIFIED IDEOGRAPH-59CB}) missing from font(s) DejaVu Sans.
  plt.savefig(self.plot_save_path, dpi=150, bbox_inches='tight')
/mnt/okcomputer/output/4.9.2/algorithms/ppo.py:918: UserWarning: Glyph 35780 (\N{CJK UNIFIED IDEOGRAPH-8BC4}) missing from font(s) DejaVu Sans.
  plt.savefig(self.plot_save_path, dpi=150, bbox_inches='tight')
/mnt/okcomputer/output/4.9.2/algorithms/ppo.py:918: UserWarning: Glyph 20272 (\N{CJK UNIFIED IDEOGRAPH-4F30}) missing from font(s) DejaVu Sans.
  plt.savefig(self.plot_save_path, dpi=150, bbox_inches='tight')
/mnt/okcomputer/output/4.9.2/algorithms/ppo.py:918: UserWarning: Glyph 36234 (\N{CJK UNIFIED IDEOGRAPH-8D8A}) missing from font(s) DejaVu Sans.
  plt.savefig(self.plot_save_path, dpi=150, bbox_inches='tight')
/mnt/okcomputer/output/4.9.2/algorithms/ppo.py:918: UserWarning: Glyph 38480 (\N{CJK UNIFIED IDEOGRAPH-9650}) missing from font(s) DejaVu Sans.
  plt.savefig(self.plot_save_path, dpi=150, bbox_inches='tight')
/mnt/okcomputer/output/4.9.2/algorithms/ppo.py:918: UserWarning: Glyph 25968 (\N{CJK UNIFIED IDEOGRAPH-6570}) missing from font(s) DejaVu Sans.
  plt.savefig(self.plot_save_path, dpi=150, bbox_inches='tight')
/mnt/okcomputer/output/4.9.2/algorithms/ppo.py:918: UserWarning: Glyph 30005 (\N{CJK UNIFIED IDEOGRAPH-7535}) missing from font(s) DejaVu Sans.
  plt.savefig(self.plot_save_path, dpi=150, bbox_inches='tight')
/mnt/okcomputer/output/4.9.2/algorithms/ppo.py:918: UserWarning: Glyph 21387 (\N{CJK UNIFIED IDEOGRAPH-538B}) missing from font(s) DejaVu Sans.
  plt.savefig(self.plot_save_path, dpi=150, bbox_inches='tight')
/mnt/okcomputer/output/4.9.2/algorithms/ppo.py:918: UserWarning: Glyph 36829 (\N{CJK UNIFIED IDEOGRAPH-8FDD}) missing from font(s) DejaVu Sans.
  plt.savefig(self.plot_save_path, dpi=150, bbox_inches='tight')
/mnt/okcomputer/output/4.9.2/algorithms/ppo.py:918: UserWarning: Glyph 21453 (\N{CJK UNIFIED IDEOGRAPH-53CD}) missing from font(s) DejaVu Sans.
  plt.savefig(self.plot_save_path, dpi=150, bbox_inches='tight')
/mnt/okcomputer/output/4.9.2/algorithms/ppo.py:918: UserWarning: Glyph 32422 (\N{CJK UNIFIED IDEOGRAPH-7EA6}) missing from font(s) DejaVu Sans.
  plt.savefig(self.plot_save_path, dpi=150, bbox_inches='tight')
/mnt/okcomputer/output/4.9.2/algorithms/ppo.py:918: UserWarning: Glyph 26463 (\N{CJK UNIFIED IDEOGRAPH-675F}) missing from font(s) DejaVu Sans.
  plt.savefig(self.plot_save_path, dpi=150, bbox_inches='tight')
/mnt/okcomputer/output/4.9.2/algorithms/ppo.py:918: UserWarning: Glyph 30446 (\N{CJK UNIFIED IDEOGRAPH-76EE}) missing from font(s) DejaVu Sans.
  plt.savefig(self.plot_save_path, dpi=150, bbox_inches='tight')
/mnt/okcomputer/output/4.9.2/algorithms/ppo.py:918: UserWarning: Glyph 26631 (\N{CJK UNIFIED IDEOGRAPH-6807}) missing from font(s) DejaVu Sans.
  plt.savefig(self.plot_save_path, dpi=150, bbox_inches='tight')
/mnt/okcomputer/output/4.9.2/algorithms/ppo.py:918: UserWarning: Glyph 25439 (\N{CJK UNIFIED IDEOGRAPH-635F}) missing from font(s) DejaVu Sans.
  plt.savefig(self.plot_save_path, dpi=150, bbox_inches='tight')
/mnt/okcomputer/output/4.9.2/algorithms/ppo.py:918: UserWarning: Glyph 22833 (\N{CJK UNIFIED IDEOGRAPH-5931}) missing from font(s) DejaVu Sans.
  plt.savefig(self.plot_save_path, dpi=150, bbox_inches='tight')
/mnt/okcomputer/output/4.9.2/algorithms/ppo.py:918: UserWarning: Glyph 20540 (\N{CJK UNIFIED IDEOGRAPH-503C}) missing from font(s) DejaVu Sans.
  plt.savefig(self.plot_save_path, dpi=150, bbox_inches='tight')
/mnt/okcomputer/output/4.9.2/algorithms/ppo.py:918: UserWarning: Glyph 24635 (\N{CJK UNIFIED IDEOGRAPH-603B}) missing from font(s) DejaVu Sans.
  plt.savefig(self.plot_save_path, dpi=150, bbox_inches='tight')
/mnt/okcomputer/output/4.9.2/algorithms/ppo.py:918: UserWarning: Glyph 29109 (\N{CJK UNIFIED IDEOGRAPH-71B5}) missing from font(s) DejaVu Sans.
  plt.savefig(self.plot_save_path, dpi=150, bbox_inches='tight')
/mnt/okcomputer/output/4.9.2/algorithms/ppo.py:918: UserWarning: Glyph 39057 (\N{CJK UNIFIED IDEOGRAPH-9891}) missing from font(s) DejaVu Sans.
  plt.savefig(self.plot_save_path, dpi=150, bbox_inches='tight')
/mnt/okcomputer/output/4.9.2/algorithms/ppo.py:918: UserWarning: Glyph 20998 (\N{CJK UNIFIED IDEOGRAPH-5206}) missing from font(s) DejaVu Sans.
  plt.savefig(self.plot_save_path, dpi=150, bbox_inches='tight')
/mnt/okcomputer/output/4.9.2/algorithms/ppo.py:918: UserWarning: Glyph 24067 (\N{CJK UNIFIED IDEOGRAPH-5E03}) missing from font(s) DejaVu Sans.
  plt.savefig(self.plot_save_path, dpi=150, bbox_inches='tight')

PSH上水库SOC: 0.340 (范围: 0.127-0.695)
电压范围: [0.9462, 1.0466]
Actor损失: -0.005813
Critic损失: 0.876253
>>> PSH约束违反达标! (0 < 7)

======================================================================
训练轮次 199/200
======================================================================
平均奖励: 9.0803
电压越限次数: 25
PSH约束违反: 0
PSH动作: 保持=46, 发电=221, 抽水=248, 停止=157
PSH上水库SOC: 0.319 (范围: 0.149-0.661)
电压范围: [0.9467, 1.0465]
Actor损失: 0.001814
Critic损失: 0.882878
>>> PSH约束违反达标! (0 < 7)
警告: 优势中有NaN或Inf，跳过本次更新

======================================================================
训练轮次 200/200
======================================================================
平均奖励: 9.0635
电压越限次数: 38
PSH约束违反: 0
PSH动作: 保持=47, 发电=224, 抽水=228, 停止=173
PSH上水库SOC: 0.357 (范围: 0.035-0.661)
电压范围: [0.9467, 1.0467]
Actor损失: 0.001814
Critic损失: 0.882878
>>> PSH约束违反达标! (0 < 7)

>>> 第 200 轮评估平均奖励: 9.9743
>>> 未改进 (14/30)

======================================================================
训练完成!
======================================================================
训练可视化已保存到: training_plots.png

最终模型已保存到 ppo_model_final.pth

================================================================================
抽水储能与电池储能协同调度系统 - 版本4.9.2 (修复版) 最终报告
================================================================================

## 训练结果摘要

### 基本信息
- 总训练轮次: 200轮
- 每轮步数: 672步 (7天)
- 总训练步数: 134,400步
- 算法: PPO (Proximal Policy Optimization)

### PSH约束违反统计
- 达标轮次 (<7次): 200轮
- 达标率: 100.0%
- 平均PSH约束违反: 0.0次/轮
- 最少违反: 0次
- 最多违反: 0次

### 奖励统计
- 平均奖励: 8.71
- 最高奖励: 9.78 (第113轮)
- 最低奖励: 7.20 (第3轮)
- 标准差: 0.65
- 前20轮平均: 8.12
- 后20轮平均: 9.26
- 改进幅度: 14.0%

### PSH动作统计 (总次数)
- 保持: 19274次 (14.3%)
- 发电: 39415次 (29.3%)
- 抽水: 40892次 (30.4%)
- 停止: 34819次 (25.9%)

### 电压统计
- 平均电压越限: 30.9次/轮

### 损失统计
- 最终Actor损失: 0.001814
- 最终Critic损失: 0.882878

## 版本4.9.2 (修复版) 关键改进

1. 修复NaN损失问题
   - 进一步降低学习率: 3e-5 -> 1e-5
   - 禁用动态奖励归一化
   - 添加更严格的NaN检查

2. 修复损失值记录问题
   - 每轮都记录Actor/Critic损失
   - 增强可视化，包含所有损失曲线

3. 优化网络架构
   - 恢复隐藏层: [256, 256]
   - 使用更保守的网络初始化

================================================================================

最终报告已保存到 FINAL_REPORT.txt

======================================================================
完成!
======================================================================
